{"/home/travis/build/npmtest/node-npmtest-netbeast/test.js":{"path":"/home/travis/build/npmtest/node-npmtest-netbeast/test.js","s":{"1":2,"2":2,"3":2,"4":2,"5":2,"6":2,"7":2,"8":1,"9":2,"10":2,"11":1,"12":1,"13":1,"14":1,"15":2,"16":2,"17":2,"18":2,"19":1,"20":1,"21":2,"22":2,"23":2,"24":1,"25":1,"26":1,"27":1,"28":1,"29":1,"30":1,"31":1,"32":1,"33":1,"34":1,"35":1,"36":1,"37":1,"38":1,"39":2,"40":2,"41":1,"42":2,"43":2,"44":1,"45":2,"46":2,"47":1,"48":2,"49":2,"50":1,"51":1,"52":1,"53":1,"54":1},"b":{"1":[2,1,1,1],"2":[1,1,1,1],"3":[1,1],"4":[1,1],"5":[1,1],"6":[1,1],"7":[1,1],"8":[1,1],"9":[1,1],"10":[1,1,1],"11":[1,1],"12":[1,1],"13":[1,1],"14":[1,1],"15":[1,1],"16":[1,1],"17":[1,1]},"f":{"1":2,"2":2,"3":2,"4":2,"5":2,"6":1,"7":1,"8":1,"9":2,"10":2,"11":2,"12":2,"13":1},"fnMap":{"1":{"name":"(anonymous_1)","line":12,"loc":{"start":{"line":12,"column":1},"end":{"line":12,"column":13}}},"2":{"name":"(anonymous_2)","line":19,"loc":{"start":{"line":19,"column":5},"end":{"line":19,"column":17}}},"3":{"name":"(anonymous_3)","line":23,"loc":{"start":{"line":23,"column":24},"end":{"line":23,"column":36}}},"4":{"name":"(anonymous_4)","line":61,"loc":{"start":{"line":61,"column":5},"end":{"line":61,"column":17}}},"5":{"name":"(anonymous_5)","line":82,"loc":{"start":{"line":82,"column":5},"end":{"line":82,"column":17}}},"6":{"name":"(anonymous_6)","line":91,"loc":{"start":{"line":91,"column":77},"end":{"line":94,"column":10}}},"7":{"name":"(anonymous_7)","line":112,"loc":{"start":{"line":112,"column":83},"end":{"line":115,"column":10}},"skip":true},"8":{"name":"(anonymous_8)","line":123,"loc":{"start":{"line":123,"column":77},"end":{"line":126,"column":10}},"skip":true},"9":{"name":"(anonymous_9)","line":139,"loc":{"start":{"line":139,"column":12},"end":{"line":139,"column":40}},"skip":true},"10":{"name":"(anonymous_10)","line":147,"loc":{"start":{"line":147,"column":77},"end":{"line":150,"column":10}},"skip":true},"11":{"name":"(anonymous_11)","line":158,"loc":{"start":{"line":158,"column":83},"end":{"line":161,"column":10}},"skip":true},"12":{"name":"(anonymous_12)","line":169,"loc":{"start":{"line":169,"column":79},"end":{"line":172,"column":10}},"skip":true},"13":{"name":"(anonymous_13)","line":180,"loc":{"start":{"line":180,"column":75},"end":{"line":183,"column":10}},"skip":true}},"statementMap":{"1":{"start":{"line":12,"column":0},"end":{"line":195,"column":5}},"2":{"start":{"line":14,"column":4},"end":{"line":14,"column":14}},"3":{"start":{"line":19,"column":4},"end":{"line":56,"column":9}},"4":{"start":{"line":21,"column":8},"end":{"line":21,"column":19}},"5":{"start":{"line":23,"column":8},"end":{"line":35,"column":13}},"6":{"start":{"line":24,"column":12},"end":{"line":34,"column":13}},"7":{"start":{"line":25,"column":16},"end":{"line":28,"column":30}},"8":{"start":{"line":30,"column":16},"end":{"line":33,"column":27}},"9":{"start":{"line":37,"column":8},"end":{"line":39,"column":21}},"10":{"start":{"line":40,"column":8},"end":{"line":53,"column":9}},"11":{"start":{"line":43,"column":12},"end":{"line":46,"column":14}},"12":{"start":{"line":47,"column":12},"end":{"line":47,"column":18}},"13":{"start":{"line":50,"column":12},"end":{"line":51,"column":33}},"14":{"start":{"line":52,"column":12},"end":{"line":52,"column":18}},"15":{"start":{"line":55,"column":8},"end":{"line":55,"column":35}},"16":{"start":{"line":61,"column":4},"end":{"line":63,"column":9}},"17":{"start":{"line":62,"column":8},"end":{"line":62,"column":15}},"18":{"start":{"line":64,"column":4},"end":{"line":77,"column":5}},"19":{"start":{"line":70,"column":8},"end":{"line":70,"column":14}},"20":{"start":{"line":76,"column":8},"end":{"line":76,"column":14}},"21":{"start":{"line":82,"column":4},"end":{"line":84,"column":9}},"22":{"start":{"line":83,"column":8},"end":{"line":83,"column":15}},"23":{"start":{"line":85,"column":4},"end":{"line":194,"column":5}},"24":{"start":{"line":91,"column":8},"end":{"line":99,"column":10}},"25":{"start":{"line":98,"column":12},"end":{"line":98,"column":35}},"26":{"start":{"line":102,"column":8},"end":{"line":104,"column":63}},"27":{"start":{"line":105,"column":8},"end":{"line":105,"column":14}},"28":{"start":{"line":112,"column":8},"end":{"line":121,"column":10},"skip":true},"29":{"start":{"line":119,"column":12},"end":{"line":119,"column":55},"skip":true},"30":{"start":{"line":120,"column":12},"end":{"line":120,"column":48},"skip":true},"31":{"start":{"line":123,"column":8},"end":{"line":136,"column":10},"skip":true},"32":{"start":{"line":130,"column":12},"end":{"line":130,"column":76},"skip":true},"33":{"start":{"line":131,"column":12},"end":{"line":131,"column":73},"skip":true},"34":{"start":{"line":132,"column":12},"end":{"line":132,"column":74},"skip":true},"35":{"start":{"line":133,"column":12},"end":{"line":133,"column":79},"skip":true},"36":{"start":{"line":134,"column":12},"end":{"line":134,"column":25},"skip":true},"37":{"start":{"line":135,"column":12},"end":{"line":135,"column":45},"skip":true},"38":{"start":{"line":138,"column":8},"end":{"line":145,"column":14},"skip":true},"39":{"start":{"line":143,"column":16},"end":{"line":143,"column":29},"skip":true},"40":{"start":{"line":144,"column":16},"end":{"line":144,"column":55},"skip":true},"41":{"start":{"line":147,"column":8},"end":{"line":156,"column":10},"skip":true},"42":{"start":{"line":154,"column":12},"end":{"line":154,"column":25},"skip":true},"43":{"start":{"line":155,"column":12},"end":{"line":155,"column":45},"skip":true},"44":{"start":{"line":158,"column":8},"end":{"line":167,"column":10},"skip":true},"45":{"start":{"line":165,"column":12},"end":{"line":165,"column":25},"skip":true},"46":{"start":{"line":166,"column":12},"end":{"line":166,"column":48},"skip":true},"47":{"start":{"line":169,"column":8},"end":{"line":178,"column":10},"skip":true},"48":{"start":{"line":176,"column":12},"end":{"line":176,"column":25},"skip":true},"49":{"start":{"line":177,"column":12},"end":{"line":177,"column":46},"skip":true},"50":{"start":{"line":180,"column":8},"end":{"line":189,"column":10},"skip":true},"51":{"start":{"line":187,"column":12},"end":{"line":187,"column":94},"skip":true},"52":{"start":{"line":188,"column":12},"end":{"line":188,"column":48},"skip":true},"53":{"start":{"line":192,"column":8},"end":{"line":192,"column":35},"skip":true},"54":{"start":{"line":193,"column":8},"end":{"line":193,"column":14},"skip":true}},"branchMap":{"1":{"line":25,"type":"binary-expr","locations":[{"start":{"line":25,"column":23},"end":{"line":25,"column":62}},{"start":{"line":26,"column":20},"end":{"line":26,"column":70}},{"start":{"line":27,"column":20},"end":{"line":27,"column":71}},{"start":{"line":28,"column":20},"end":{"line":28,"column":29}}]},"2":{"line":30,"type":"binary-expr","locations":[{"start":{"line":30,"column":23},"end":{"line":30,"column":37}},{"start":{"line":31,"column":20},"end":{"line":31,"column":61}},{"start":{"line":32,"column":20},"end":{"line":32,"column":70}},{"start":{"line":33,"column":20},"end":{"line":33,"column":26}}]},"3":{"line":37,"type":"cond-expr","locations":[{"start":{"line":38,"column":14},"end":{"line":38,"column":20}},{"start":{"line":39,"column":14},"end":{"line":39,"column":20}}]},"4":{"line":40,"type":"switch","locations":[{"start":{"line":42,"column":8},"end":{"line":47,"column":18}},{"start":{"line":49,"column":8},"end":{"line":52,"column":18}}]},"5":{"line":44,"type":"binary-expr","locations":[{"start":{"line":44,"column":16},"end":{"line":44,"column":44}},{"start":{"line":44,"column":48},"end":{"line":44,"column":66}}]},"6":{"line":50,"type":"binary-expr","locations":[{"start":{"line":50,"column":21},"end":{"line":50,"column":49}},{"start":{"line":50,"column":53},"end":{"line":50,"column":72}}]},"7":{"line":64,"type":"switch","locations":[{"start":{"line":69,"column":4},"end":{"line":70,"column":14}},{"start":{"line":75,"column":4},"end":{"line":76,"column":14}}]},"8":{"line":85,"type":"switch","locations":[{"start":{"line":90,"column":4},"end":{"line":105,"column":14}},{"start":{"line":111,"column":4},"end":{"line":193,"column":14},"skip":true}]},"9":{"line":91,"type":"binary-expr","locations":[{"start":{"line":91,"column":42},"end":{"line":91,"column":73}},{"start":{"line":91,"column":77},"end":{"line":99,"column":9}}]},"10":{"line":102,"type":"binary-expr","locations":[{"start":{"line":102,"column":18},"end":{"line":102,"column":32}},{"start":{"line":103,"column":12},"end":{"line":103,"column":53}},{"start":{"line":104,"column":12},"end":{"line":104,"column":61}}]},"11":{"line":112,"type":"binary-expr","locations":[{"start":{"line":112,"column":45},"end":{"line":112,"column":79},"skip":true},{"start":{"line":112,"column":83},"end":{"line":121,"column":9},"skip":true}]},"12":{"line":123,"type":"binary-expr","locations":[{"start":{"line":123,"column":42},"end":{"line":123,"column":73},"skip":true},{"start":{"line":123,"column":77},"end":{"line":136,"column":9},"skip":true}]},"13":{"line":138,"type":"binary-expr","locations":[{"start":{"line":138,"column":48},"end":{"line":138,"column":85},"skip":true},{"start":{"line":139,"column":12},"end":{"line":145,"column":13},"skip":true}]},"14":{"line":147,"type":"binary-expr","locations":[{"start":{"line":147,"column":42},"end":{"line":147,"column":73},"skip":true},{"start":{"line":147,"column":77},"end":{"line":156,"column":9},"skip":true}]},"15":{"line":158,"type":"binary-expr","locations":[{"start":{"line":158,"column":45},"end":{"line":158,"column":79},"skip":true},{"start":{"line":158,"column":83},"end":{"line":167,"column":9},"skip":true}]},"16":{"line":169,"type":"binary-expr","locations":[{"start":{"line":169,"column":43},"end":{"line":169,"column":75},"skip":true},{"start":{"line":169,"column":79},"end":{"line":178,"column":9},"skip":true}]},"17":{"line":180,"type":"binary-expr","locations":[{"start":{"line":180,"column":41},"end":{"line":180,"column":71},"skip":true},{"start":{"line":180,"column":75},"end":{"line":189,"column":9},"skip":true}]}},"code":["/* istanbul instrument in package npmtest_netbeast */","/*jslint","    bitwise: true,","    browser: true,","    maxerr: 8,","    maxlen: 96,","    node: true,","    nomen: true,","    regexp: true,","    stupid: true","*/","(function () {","    'use strict';","    var local;","","","","    // run shared js-env code - init-before","    (function () {","        // init local","        local = {};","        // init modeJs","        local.modeJs = (function () {","            try {","                return typeof navigator.userAgent === 'string' &&","                    typeof document.querySelector('body') === 'object' &&","                    typeof XMLHttpRequest.prototype.open === 'function' &&","                    'browser';","            } catch (errorCaughtBrowser) {","                return module.exports &&","                    typeof process.versions.node === 'string' &&","                    typeof require('http').createServer === 'function' &&","                    'node';","            }","        }());","        // init global","        local.global = local.modeJs === 'browser'","            ? window","            : global;","        switch (local.modeJs) {","        // re-init local from window.local","        case 'browser':","            local = local.global.utility2.objectSetDefault(","                local.global.utility2_rollup || local.global.local,","                local.global.utility2","            );","            break;","        // re-init local from example.js","        case 'node':","            local = (local.global.utility2_rollup || require('utility2'))","                .requireReadme();","            break;","        }","        // export local","        local.global.local = local;","    }());","","","","    // run shared js-env code - function","    (function () {","        return;","    }());","    switch (local.modeJs) {","","","","    // run browser js-env code - function","    case 'browser':","        break;","","","","    // run node js-env code - function","    case 'node':","        break;","    }","","","","    // run shared js-env code - init-after","    (function () {","        return;","    }());","    switch (local.modeJs) {","","","","    // run browser js-env code - init-after","    case 'browser':","        local.testCase_browser_nullCase = local.testCase_browser_nullCase || function (","            options,","            onError","        ) {","        /*","         * this function will test browsers's null-case handling-behavior-behavior","         */","            onError(null, options);","        };","","        // run tests","        local.nop(local.modeTest &&","            document.querySelector('#testRunButton1') &&","            document.querySelector('#testRunButton1').click());","        break;","","","","    // run node js-env code - init-after","    /* istanbul ignore next */","    case 'node':","        local.testCase_buildApidoc_default = local.testCase_buildApidoc_default || function (","            options,","            onError","        ) {","        /*","         * this function will test buildApidoc's default handling-behavior-behavior","         */","            options = { modulePathList: module.paths };","            local.buildApidoc(options, onError);","        };","","        local.testCase_buildApp_default = local.testCase_buildApp_default || function (","            options,","            onError","        ) {","        /*","         * this function will test buildApp's default handling-behavior-behavior","         */","            local.testCase_buildReadme_default(options, local.onErrorThrow);","            local.testCase_buildLib_default(options, local.onErrorThrow);","            local.testCase_buildTest_default(options, local.onErrorThrow);","            local.testCase_buildCustomOrg_default(options, local.onErrorThrow);","            options = [];","            local.buildApp(options, onError);","        };","","        local.testCase_buildCustomOrg_default = local.testCase_buildCustomOrg_default ||","            function (options, onError) {","            /*","             * this function will test buildCustomOrg's default handling-behavior","             */","                options = {};","                local.buildCustomOrg(options, onError);","            };","","        local.testCase_buildLib_default = local.testCase_buildLib_default || function (","            options,","            onError","        ) {","        /*","         * this function will test buildLib's default handling-behavior","         */","            options = {};","            local.buildLib(options, onError);","        };","","        local.testCase_buildReadme_default = local.testCase_buildReadme_default || function (","            options,","            onError","        ) {","        /*","         * this function will test buildReadme's default handling-behavior-behavior","         */","            options = {};","            local.buildReadme(options, onError);","        };","","        local.testCase_buildTest_default = local.testCase_buildTest_default || function (","            options,","            onError","        ) {","        /*","         * this function will test buildTest's default handling-behavior","         */","            options = {};","            local.buildTest(options, onError);","        };","","        local.testCase_webpage_default = local.testCase_webpage_default || function (","            options,","            onError","        ) {","        /*","         * this function will test webpage's default handling-behavior","         */","            options = { modeCoverageMerge: true, url: local.serverLocalHost + '?modeTest=1' };","            local.browserTest(options, onError);","        };","","        // run test-server","        local.testRunServer(local);","        break;","    }","}());",""],"l":{"12":2,"14":2,"19":2,"21":2,"23":2,"24":2,"25":2,"30":1,"37":2,"40":2,"43":1,"47":1,"50":1,"52":1,"55":2,"61":2,"62":2,"64":2,"70":1,"76":1,"82":2,"83":2,"85":2,"91":1,"98":1,"102":1,"105":1,"112":1,"119":1,"120":1,"123":1,"130":1,"131":1,"132":1,"133":1,"134":1,"135":1,"138":1,"143":2,"144":2,"147":1,"154":2,"155":2,"158":1,"165":2,"166":2,"169":1,"176":2,"177":2,"180":1,"187":1,"188":1,"192":1,"193":1}},"/home/travis/build/npmtest/node-npmtest-netbeast/lib.npmtest_netbeast.js":{"path":"/home/travis/build/npmtest/node-npmtest-netbeast/lib.npmtest_netbeast.js","s":{"1":2,"2":2,"3":2,"4":2,"5":2,"6":2,"7":2,"8":1,"9":2,"10":2,"11":2,"12":2,"13":1,"14":1,"15":1,"16":1},"b":{"1":[2,1,1,1],"2":[1,1,1,1],"3":[1,1],"4":[2,2],"5":[1,1]},"f":{"1":2,"2":2,"3":2},"fnMap":{"1":{"name":"(anonymous_1)","line":12,"loc":{"start":{"line":12,"column":1},"end":{"line":12,"column":13}}},"2":{"name":"(anonymous_2)","line":19,"loc":{"start":{"line":19,"column":5},"end":{"line":19,"column":17}}},"3":{"name":"(anonymous_3)","line":23,"loc":{"start":{"line":23,"column":24},"end":{"line":23,"column":36}}}},"statementMap":{"1":{"start":{"line":12,"column":0},"end":{"line":53,"column":5}},"2":{"start":{"line":14,"column":4},"end":{"line":14,"column":14}},"3":{"start":{"line":19,"column":4},"end":{"line":52,"column":9}},"4":{"start":{"line":21,"column":8},"end":{"line":21,"column":19}},"5":{"start":{"line":23,"column":8},"end":{"line":35,"column":13}},"6":{"start":{"line":24,"column":12},"end":{"line":34,"column":13}},"7":{"start":{"line":25,"column":16},"end":{"line":28,"column":30}},"8":{"start":{"line":30,"column":16},"end":{"line":33,"column":27}},"9":{"start":{"line":37,"column":8},"end":{"line":39,"column":21}},"10":{"start":{"line":41,"column":8},"end":{"line":41,"column":54}},"11":{"start":{"line":43,"column":8},"end":{"line":43,"column":53}},"12":{"start":{"line":45,"column":8},"end":{"line":51,"column":9}},"13":{"start":{"line":46,"column":12},"end":{"line":46,"column":59}},"14":{"start":{"line":48,"column":12},"end":{"line":48,"column":35}},"15":{"start":{"line":49,"column":12},"end":{"line":49,"column":49}},"16":{"start":{"line":50,"column":12},"end":{"line":50,"column":43}}},"branchMap":{"1":{"line":25,"type":"binary-expr","locations":[{"start":{"line":25,"column":23},"end":{"line":25,"column":62}},{"start":{"line":26,"column":20},"end":{"line":26,"column":70}},{"start":{"line":27,"column":20},"end":{"line":27,"column":71}},{"start":{"line":28,"column":20},"end":{"line":28,"column":29}}]},"2":{"line":30,"type":"binary-expr","locations":[{"start":{"line":30,"column":23},"end":{"line":30,"column":37}},{"start":{"line":31,"column":20},"end":{"line":31,"column":61}},{"start":{"line":32,"column":20},"end":{"line":32,"column":70}},{"start":{"line":33,"column":20},"end":{"line":33,"column":26}}]},"3":{"line":37,"type":"cond-expr","locations":[{"start":{"line":38,"column":14},"end":{"line":38,"column":20}},{"start":{"line":39,"column":14},"end":{"line":39,"column":20}}]},"4":{"line":41,"type":"binary-expr","locations":[{"start":{"line":41,"column":16},"end":{"line":41,"column":44}},{"start":{"line":41,"column":48},"end":{"line":41,"column":53}}]},"5":{"line":45,"type":"if","locations":[{"start":{"line":45,"column":8},"end":{"line":45,"column":8}},{"start":{"line":45,"column":8},"end":{"line":45,"column":8}}]}},"code":["/* istanbul instrument in package npmtest_netbeast */","/*jslint","    bitwise: true,","    browser: true,","    maxerr: 8,","    maxlen: 96,","    node: true,","    nomen: true,","    regexp: true,","    stupid: true","*/","(function () {","    'use strict';","    var local;","","","","    // run shared js-env code - init-before","    (function () {","        // init local","        local = {};","        // init modeJs","        local.modeJs = (function () {","            try {","                return typeof navigator.userAgent === 'string' &&","                    typeof document.querySelector('body') === 'object' &&","                    typeof XMLHttpRequest.prototype.open === 'function' &&","                    'browser';","            } catch (errorCaughtBrowser) {","                return module.exports &&","                    typeof process.versions.node === 'string' &&","                    typeof require('http').createServer === 'function' &&","                    'node';","            }","        }());","        // init global","        local.global = local.modeJs === 'browser'","            ? window","            : global;","        // init utility2_rollup","        local = local.global.utility2_rollup || local;","        // init lib","        local.local = local.npmtest_netbeast = local;","        // init exports","        if (local.modeJs === 'browser') {","            local.global.utility2_npmtest_netbeast = local;","        } else {","            module.exports = local;","            module.exports.__dirname = __dirname;","            module.exports.module = module;","        }","    }());","}());",""],"l":{"12":2,"14":2,"19":2,"21":2,"23":2,"24":2,"25":2,"30":1,"37":2,"41":2,"43":2,"45":2,"46":1,"48":1,"49":1,"50":1}},"/home/travis/build/npmtest/node-npmtest-netbeast/example.js":{"path":"/home/travis/build/npmtest/node-npmtest-netbeast/example.js","s":{"1":2,"2":2,"3":2,"4":2,"5":2,"6":2,"7":2,"8":1,"9":2,"10":2,"11":2,"12":2,"13":1,"14":2,"15":2,"16":2,"17":2,"18":2,"19":0,"20":2,"21":1,"22":1,"23":1,"24":1,"25":1,"26":0,"27":0,"28":1,"29":1,"30":2,"31":0,"32":0,"33":0,"34":1,"35":2,"36":2,"37":3,"38":3,"39":3,"40":3,"41":0,"42":3,"43":3,"44":3,"45":1,"46":3,"47":1,"48":1,"49":1,"50":1,"51":1,"52":1,"53":1,"54":1,"55":1,"56":1,"57":0,"58":1,"59":6,"60":6,"61":1,"62":2,"63":0,"64":2,"65":1,"66":1,"67":0,"68":0,"69":0,"70":0,"71":0,"72":0,"73":0,"74":0,"75":0,"76":0,"77":0,"78":0,"79":0,"80":0,"81":0,"82":0,"83":0},"b":{"1":[2,1,1,1],"2":[1,1,1,1],"3":[1,1],"4":[2,2],"5":[1,1],"6":[1,1],"7":[2,0],"8":[2,1,1,1,1,1],"9":[0,2,0],"10":[1,1],"11":[2,1,1],"12":[1,0],"13":[0,2],"14":[2,0,0,0,0,0,0],"15":[0,3],"16":[3,0],"17":[1,1],"18":[0,1],"19":[1,2,0,2],"20":[1,0],"21":[1,1],"22":[0,0],"23":[0,0],"24":[0,0],"25":[0,0],"26":[0,0],"27":[0,0],"28":[0,0]},"f":{"1":2,"2":2,"3":2,"4":2,"5":2,"6":2,"7":3,"8":3,"9":3,"10":1,"11":6,"12":0},"fnMap":{"1":{"name":"(anonymous_1)","line":26,"loc":{"start":{"line":26,"column":1},"end":{"line":26,"column":13}}},"2":{"name":"(anonymous_2)","line":33,"loc":{"start":{"line":33,"column":5},"end":{"line":33,"column":17}}},"3":{"name":"(anonymous_3)","line":37,"loc":{"start":{"line":37,"column":24},"end":{"line":37,"column":36}}},"4":{"name":"(anonymous_4)","line":69,"loc":{"start":{"line":69,"column":31},"end":{"line":69,"column":48}},"skip":true},"5":{"name":"(anonymous_5)","line":78,"loc":{"start":{"line":78,"column":26},"end":{"line":78,"column":45}},"skip":true},"6":{"name":"(anonymous_6)","line":123,"loc":{"start":{"line":123,"column":33},"end":{"line":123,"column":48}},"skip":true},"7":{"name":"(anonymous_7)","line":125,"loc":{"start":{"line":125,"column":27},"end":{"line":125,"column":39}},"skip":true},"8":{"name":"(anonymous_8)","line":133,"loc":{"start":{"line":133,"column":59},"end":{"line":133,"column":74}},"skip":true},"9":{"name":"(anonymous_9)","line":143,"loc":{"start":{"line":143,"column":45},"end":{"line":143,"column":62}},"skip":true},"10":{"name":"(anonymous_10)","line":144,"loc":{"start":{"line":144,"column":73},"end":{"line":144,"column":92}},"skip":true},"11":{"name":"(anonymous_11)","line":272,"loc":{"start":{"line":272,"column":51},"end":{"line":272,"column":77}},"skip":true},"12":{"name":"(anonymous_12)","line":315,"loc":{"start":{"line":315,"column":32},"end":{"line":315,"column":61}},"skip":true}},"statementMap":{"1":{"start":{"line":26,"column":0},"end":{"line":326,"column":5}},"2":{"start":{"line":28,"column":4},"end":{"line":28,"column":14}},"3":{"start":{"line":33,"column":4},"end":{"line":60,"column":9}},"4":{"start":{"line":35,"column":8},"end":{"line":35,"column":19}},"5":{"start":{"line":37,"column":8},"end":{"line":49,"column":13}},"6":{"start":{"line":38,"column":12},"end":{"line":48,"column":13}},"7":{"start":{"line":39,"column":16},"end":{"line":42,"column":30}},"8":{"start":{"line":44,"column":16},"end":{"line":47,"column":27}},"9":{"start":{"line":51,"column":8},"end":{"line":53,"column":21}},"10":{"start":{"line":55,"column":8},"end":{"line":57,"column":45}},"11":{"start":{"line":59,"column":8},"end":{"line":59,"column":35}},"12":{"start":{"line":61,"column":4},"end":{"line":325,"column":5}},"13":{"start":{"line":69,"column":8},"end":{"line":121,"column":10},"skip":true},"14":{"start":{"line":70,"column":12},"end":{"line":88,"column":13},"skip":true},"15":{"start":{"line":76,"column":16},"end":{"line":87,"column":19},"skip":true},"16":{"start":{"line":79,"column":20},"end":{"line":86,"column":21},"skip":true},"17":{"start":{"line":82,"column":24},"end":{"line":82,"column":43},"skip":true},"18":{"start":{"line":83,"column":24},"end":{"line":83,"column":30},"skip":true},"19":{"start":{"line":85,"column":24},"end":{"line":85,"column":49},"skip":true},"20":{"start":{"line":89,"column":12},"end":{"line":107,"column":13},"skip":true},"21":{"start":{"line":92,"column":16},"end":{"line":102,"column":17},"skip":true},"22":{"start":{"line":93,"column":20},"end":{"line":93,"column":86},"skip":true},"23":{"start":{"line":94,"column":20},"end":{"line":95,"column":45},"skip":true},"24":{"start":{"line":96,"column":20},"end":{"line":96,"column":42},"skip":true},"25":{"start":{"line":97,"column":20},"end":{"line":97,"column":48},"skip":true},"26":{"start":{"line":100,"column":20},"end":{"line":100,"column":85},"skip":true},"27":{"start":{"line":101,"column":20},"end":{"line":101,"column":96},"skip":true},"28":{"start":{"line":103,"column":16},"end":{"line":103,"column":22},"skip":true},"29":{"start":{"line":106,"column":16},"end":{"line":106,"column":22},"skip":true},"30":{"start":{"line":108,"column":12},"end":{"line":120,"column":13},"skip":true},"31":{"start":{"line":114,"column":16},"end":{"line":119,"column":17},"skip":true},"32":{"start":{"line":116,"column":20},"end":{"line":116,"column":78},"skip":true},"33":{"start":{"line":118,"column":20},"end":{"line":118,"column":47},"skip":true},"34":{"start":{"line":123,"column":8},"end":{"line":141,"column":11},"skip":true},"35":{"start":{"line":124,"column":12},"end":{"line":124,"column":54},"skip":true},"36":{"start":{"line":125,"column":12},"end":{"line":140,"column":14},"skip":true},"37":{"start":{"line":126,"column":16},"end":{"line":126,"column":28},"skip":true},"38":{"start":{"line":127,"column":16},"end":{"line":127,"column":69},"skip":true},"39":{"start":{"line":128,"column":16},"end":{"line":128,"column":75},"skip":true},"40":{"start":{"line":129,"column":16},"end":{"line":131,"column":17},"skip":true},"41":{"start":{"line":130,"column":20},"end":{"line":130,"column":27},"skip":true},"42":{"start":{"line":133,"column":16},"end":{"line":137,"column":36},"skip":true},"43":{"start":{"line":134,"column":20},"end":{"line":136,"column":55},"skip":true},"44":{"start":{"line":139,"column":16},"end":{"line":139,"column":57},"skip":true},"45":{"start":{"line":143,"column":8},"end":{"line":147,"column":11},"skip":true},"46":{"start":{"line":144,"column":12},"end":{"line":146,"column":15},"skip":true},"47":{"start":{"line":145,"column":16},"end":{"line":145,"column":70},"skip":true},"48":{"start":{"line":149,"column":8},"end":{"line":149,"column":31},"skip":true},"49":{"start":{"line":150,"column":8},"end":{"line":150,"column":14},"skip":true},"50":{"start":{"line":158,"column":8},"end":{"line":158,"column":31},"skip":true},"51":{"start":{"line":160,"column":8},"end":{"line":160,"column":33},"skip":true},"52":{"start":{"line":161,"column":8},"end":{"line":161,"column":37},"skip":true},"53":{"start":{"line":162,"column":8},"end":{"line":162,"column":35},"skip":true},"54":{"start":{"line":164,"column":8},"end":{"line":164,"column":50},"skip":true},"55":{"start":{"line":166,"column":8},"end":{"line":256,"column":2},"skip":true},"56":{"start":{"line":258,"column":8},"end":{"line":286,"column":9},"skip":true},"57":{"start":{"line":259,"column":12},"end":{"line":269,"column":14},"skip":true},"58":{"start":{"line":271,"column":12},"end":{"line":285,"column":19},"skip":true},"59":{"start":{"line":274,"column":20},"end":{"line":274,"column":35},"skip":true},"60":{"start":{"line":275,"column":20},"end":{"line":284,"column":21},"skip":true},"61":{"start":{"line":277,"column":24},"end":{"line":277,"column":64},"skip":true},"62":{"start":{"line":279,"column":24},"end":{"line":279,"column":40},"skip":true},"63":{"start":{"line":281,"column":24},"end":{"line":281,"column":40},"skip":true},"64":{"start":{"line":283,"column":24},"end":{"line":283,"column":39},"skip":true},"65":{"start":{"line":288,"column":8},"end":{"line":290,"column":9},"skip":true},"66":{"start":{"line":289,"column":12},"end":{"line":289,"column":18},"skip":true},"67":{"start":{"line":291,"column":8},"end":{"line":293,"column":54},"skip":true},"68":{"start":{"line":296,"column":8},"end":{"line":301,"column":37},"skip":true},"69":{"start":{"line":303,"column":8},"end":{"line":303,"column":82},"skip":true},"70":{"start":{"line":306,"column":8},"end":{"line":308,"column":9},"skip":true},"71":{"start":{"line":307,"column":12},"end":{"line":307,"column":82},"skip":true},"72":{"start":{"line":310,"column":8},"end":{"line":312,"column":9},"skip":true},"73":{"start":{"line":311,"column":12},"end":{"line":311,"column":18},"skip":true},"74":{"start":{"line":313,"column":8},"end":{"line":313,"column":54},"skip":true},"75":{"start":{"line":314,"column":8},"end":{"line":314,"column":69},"skip":true},"76":{"start":{"line":315,"column":8},"end":{"line":323,"column":36},"skip":true},"77":{"start":{"line":316,"column":12},"end":{"line":316,"column":61},"skip":true},"78":{"start":{"line":317,"column":12},"end":{"line":320,"column":13},"skip":true},"79":{"start":{"line":318,"column":16},"end":{"line":318,"column":75},"skip":true},"80":{"start":{"line":319,"column":16},"end":{"line":319,"column":23},"skip":true},"81":{"start":{"line":321,"column":12},"end":{"line":321,"column":38},"skip":true},"82":{"start":{"line":322,"column":12},"end":{"line":322,"column":27},"skip":true},"83":{"start":{"line":324,"column":8},"end":{"line":324,"column":14},"skip":true}},"branchMap":{"1":{"line":39,"type":"binary-expr","locations":[{"start":{"line":39,"column":23},"end":{"line":39,"column":62}},{"start":{"line":40,"column":20},"end":{"line":40,"column":70}},{"start":{"line":41,"column":20},"end":{"line":41,"column":71}},{"start":{"line":42,"column":20},"end":{"line":42,"column":29}}]},"2":{"line":44,"type":"binary-expr","locations":[{"start":{"line":44,"column":23},"end":{"line":44,"column":37}},{"start":{"line":45,"column":20},"end":{"line":45,"column":61}},{"start":{"line":46,"column":20},"end":{"line":46,"column":70}},{"start":{"line":47,"column":20},"end":{"line":47,"column":26}}]},"3":{"line":51,"type":"cond-expr","locations":[{"start":{"line":52,"column":14},"end":{"line":52,"column":20}},{"start":{"line":53,"column":14},"end":{"line":53,"column":20}}]},"4":{"line":55,"type":"binary-expr","locations":[{"start":{"line":55,"column":16},"end":{"line":55,"column":44}},{"start":{"line":55,"column":49},"end":{"line":57,"column":43}}]},"5":{"line":55,"type":"cond-expr","locations":[{"start":{"line":56,"column":14},"end":{"line":56,"column":52}},{"start":{"line":57,"column":14},"end":{"line":57,"column":43}}]},"6":{"line":61,"type":"switch","locations":[{"start":{"line":68,"column":4},"end":{"line":150,"column":14},"skip":true},{"start":{"line":156,"column":4},"end":{"line":324,"column":14},"skip":true}]},"7":{"line":70,"type":"if","locations":[{"start":{"line":70,"column":12},"end":{"line":70,"column":12},"skip":true},{"start":{"line":70,"column":12},"end":{"line":70,"column":12},"skip":true}]},"8":{"line":70,"type":"binary-expr","locations":[{"start":{"line":70,"column":16},"end":{"line":70,"column":22},"skip":true},{"start":{"line":70,"column":27},"end":{"line":70,"column":32},"skip":true},{"start":{"line":71,"column":20},"end":{"line":71,"column":39},"skip":true},{"start":{"line":72,"column":20},"end":{"line":72,"column":49},"skip":true},{"start":{"line":73,"column":20},"end":{"line":73,"column":58},"skip":true},{"start":{"line":74,"column":20},"end":{"line":74,"column":69},"skip":true}]},"9":{"line":79,"type":"switch","locations":[{"start":{"line":80,"column":20},"end":{"line":80,"column":33},"skip":true},{"start":{"line":81,"column":20},"end":{"line":83,"column":30},"skip":true},{"start":{"line":84,"column":20},"end":{"line":85,"column":49},"skip":true}]},"10":{"line":89,"type":"switch","locations":[{"start":{"line":90,"column":12},"end":{"line":103,"column":22},"skip":true},{"start":{"line":105,"column":12},"end":{"line":106,"column":22},"skip":true}]},"11":{"line":89,"type":"binary-expr","locations":[{"start":{"line":89,"column":20},"end":{"line":89,"column":25},"skip":true},{"start":{"line":89,"column":29},"end":{"line":89,"column":48},"skip":true},{"start":{"line":89,"column":52},"end":{"line":89,"column":74},"skip":true}]},"12":{"line":92,"type":"if","locations":[{"start":{"line":92,"column":16},"end":{"line":92,"column":16},"skip":true},{"start":{"line":92,"column":16},"end":{"line":92,"column":16},"skip":true}]},"13":{"line":108,"type":"if","locations":[{"start":{"line":108,"column":12},"end":{"line":108,"column":12},"skip":true},{"start":{"line":108,"column":12},"end":{"line":108,"column":12},"skip":true}]},"14":{"line":108,"type":"binary-expr","locations":[{"start":{"line":108,"column":16},"end":{"line":108,"column":61},"skip":true},{"start":{"line":108,"column":66},"end":{"line":108,"column":72},"skip":true},{"start":{"line":108,"column":77},"end":{"line":108,"column":82},"skip":true},{"start":{"line":109,"column":20},"end":{"line":109,"column":39},"skip":true},{"start":{"line":110,"column":20},"end":{"line":110,"column":49},"skip":true},{"start":{"line":111,"column":20},"end":{"line":111,"column":58},"skip":true},{"start":{"line":112,"column":20},"end":{"line":112,"column":68},"skip":true}]},"15":{"line":129,"type":"if","locations":[{"start":{"line":129,"column":16},"end":{"line":129,"column":16},"skip":true},{"start":{"line":129,"column":16},"end":{"line":129,"column":16},"skip":true}]},"16":{"line":134,"type":"cond-expr","locations":[{"start":{"line":135,"column":26},"end":{"line":135,"column":29},"skip":true},{"start":{"line":136,"column":26},"end":{"line":136,"column":54},"skip":true}]},"17":{"line":164,"type":"binary-expr","locations":[{"start":{"line":164,"column":27},"end":{"line":164,"column":43},"skip":true},{"start":{"line":164,"column":47},"end":{"line":164,"column":49},"skip":true}]},"18":{"line":258,"type":"if","locations":[{"start":{"line":258,"column":8},"end":{"line":258,"column":8},"skip":true},{"start":{"line":258,"column":8},"end":{"line":258,"column":8},"skip":true}]},"19":{"line":275,"type":"switch","locations":[{"start":{"line":276,"column":20},"end":{"line":277,"column":64},"skip":true},{"start":{"line":278,"column":20},"end":{"line":279,"column":40},"skip":true},{"start":{"line":280,"column":20},"end":{"line":281,"column":40},"skip":true},{"start":{"line":282,"column":20},"end":{"line":283,"column":39},"skip":true}]},"20":{"line":288,"type":"if","locations":[{"start":{"line":288,"column":8},"end":{"line":288,"column":8},"skip":true},{"start":{"line":288,"column":8},"end":{"line":288,"column":8},"skip":true}]},"21":{"line":288,"type":"binary-expr","locations":[{"start":{"line":288,"column":12},"end":{"line":288,"column":40},"skip":true},{"start":{"line":288,"column":44},"end":{"line":288,"column":67},"skip":true}]},"22":{"line":292,"type":"binary-expr","locations":[{"start":{"line":292,"column":12},"end":{"line":292,"column":50},"skip":true},{"start":{"line":293,"column":12},"end":{"line":293,"column":53},"skip":true}]},"23":{"line":297,"type":"binary-expr","locations":[{"start":{"line":297,"column":12},"end":{"line":297,"column":66},"skip":true},{"start":{"line":298,"column":12},"end":{"line":301,"column":36},"skip":true}]},"24":{"line":303,"type":"binary-expr","locations":[{"start":{"line":303,"column":43},"end":{"line":303,"column":75},"skip":true},{"start":{"line":303,"column":79},"end":{"line":303,"column":81},"skip":true}]},"25":{"line":306,"type":"if","locations":[{"start":{"line":306,"column":8},"end":{"line":306,"column":8},"skip":true},{"start":{"line":306,"column":8},"end":{"line":306,"column":8},"skip":true}]},"26":{"line":310,"type":"if","locations":[{"start":{"line":310,"column":8},"end":{"line":310,"column":8},"skip":true},{"start":{"line":310,"column":8},"end":{"line":310,"column":8},"skip":true}]},"27":{"line":313,"type":"binary-expr","locations":[{"start":{"line":313,"column":27},"end":{"line":313,"column":43},"skip":true},{"start":{"line":313,"column":47},"end":{"line":313,"column":53},"skip":true}]},"28":{"line":317,"type":"if","locations":[{"start":{"line":317,"column":12},"end":{"line":317,"column":12},"skip":true},{"start":{"line":317,"column":12},"end":{"line":317,"column":12},"skip":true}]}},"code":["/*","example.js","","quickstart example","","instruction","    1. save this script as example.js","    2. run the shell command:","        $ npm install npmtest-netbeast && PORT=8081 node example.js","    3. play with the browser-demo on http://127.0.0.1:8081","*/","","","","/* istanbul instrument in package npmtest_netbeast */","/*jslint","    bitwise: true,","    browser: true,","    maxerr: 8,","    maxlen: 96,","    node: true,","    nomen: true,","    regexp: true,","    stupid: true","*/","(function () {","    'use strict';","    var local;","","","","    // run shared js-env code - init-before","    (function () {","        // init local","        local = {};","        // init modeJs","        local.modeJs = (function () {","            try {","                return typeof navigator.userAgent === 'string' &&","                    typeof document.querySelector('body') === 'object' &&","                    typeof XMLHttpRequest.prototype.open === 'function' &&","                    'browser';","            } catch (errorCaughtBrowser) {","                return module.exports &&","                    typeof process.versions.node === 'string' &&","                    typeof require('http').createServer === 'function' &&","                    'node';","            }","        }());","        // init global","        local.global = local.modeJs === 'browser'","            ? window","            : global;","        // init utility2_rollup","        local = local.global.utility2_rollup || (local.modeJs === 'browser'","            ? local.global.utility2_npmtest_netbeast","            : global.utility2_moduleExports);","        // export local","        local.global.local = local;","    }());","    switch (local.modeJs) {","","","","    // init-after","    // run browser js-env code - init-after","    /* istanbul ignore next */","    case 'browser':","        local.testRunBrowser = function (event) {","            if (!event || (event &&","                    event.currentTarget &&","                    event.currentTarget.className &&","                    event.currentTarget.className.includes &&","                    event.currentTarget.className.includes('onreset'))) {","                // reset output","                Array.from(","                    document.querySelectorAll('body > .resettable')","                ).forEach(function (element) {","                    switch (element.tagName) {","                    case 'INPUT':","                    case 'TEXTAREA':","                        element.value = '';","                        break;","                    default:","                        element.textContent = '';","                    }","                });","            }","            switch (event && event.currentTarget && event.currentTarget.id) {","            case 'testRunButton1':","                // show tests","                if (document.querySelector('#testReportDiv1').style.display === 'none') {","                    document.querySelector('#testReportDiv1').style.display = 'block';","                    document.querySelector('#testRunButton1').textContent =","                        'hide internal test';","                    local.modeTest = true;","                    local.testRunDefault(local);","                // hide tests","                } else {","                    document.querySelector('#testReportDiv1').style.display = 'none';","                    document.querySelector('#testRunButton1').textContent = 'run internal test';","                }","                break;","            // custom-case","            default:","                break;","            }","            if (document.querySelector('#inputTextareaEval1') && (!event || (event &&","                    event.currentTarget &&","                    event.currentTarget.className &&","                    event.currentTarget.className.includes &&","                    event.currentTarget.className.includes('oneval')))) {","                // try to eval input-code","                try {","                    /*jslint evil: true*/","                    eval(document.querySelector('#inputTextareaEval1').value);","                } catch (errorCaught) {","                    console.error(errorCaught);","                }","            }","        };","        // log stderr and stdout to #outputTextareaStdout1","        ['error', 'log'].forEach(function (key) {","            console[key + '_original'] = console[key];","            console[key] = function () {","                var element;","                console[key + '_original'].apply(console, arguments);","                element = document.querySelector('#outputTextareaStdout1');","                if (!element) {","                    return;","                }","                // append text to #outputTextareaStdout1","                element.value += Array.from(arguments).map(function (arg) {","                    return typeof arg === 'string'","                        ? arg","                        : JSON.stringify(arg, null, 4);","                }).join(' ') + '\\n';","                // scroll textarea to bottom","                element.scrollTop = element.scrollHeight;","            };","        });","        // init event-handling","        ['change', 'click', 'keyup'].forEach(function (event) {","            Array.from(document.querySelectorAll('.on' + event)).forEach(function (element) {","                element.addEventListener(event, local.testRunBrowser);","            });","        });","        // run tests","        local.testRunBrowser();","        break;","","","","    // run node js-env code - init-after","    /* istanbul ignore next */","    case 'node':","        // export local","        module.exports = local;","        // require modules","        local.fs = require('fs');","        local.http = require('http');","        local.url = require('url');","        // init assets","        local.assetsDict = local.assetsDict || {};","        /* jslint-ignore-begin */","        local.assetsDict['/assets.index.template.html'] = '\\","<!doctype html>\\n\\","<html lang=\"en\">\\n\\","<head>\\n\\","<meta charset=\"UTF-8\">\\n\\","<meta name=\"viewport\" content=\"width=device-width, initial-scale=1\">\\n\\","<title>{{env.npm_package_name}} (v{{env.npm_package_version}})</title>\\n\\","<style>\\n\\","/*csslint\\n\\","    box-sizing: false,\\n\\","    universal-selector: false\\n\\","*/\\n\\","* {\\n\\","    box-sizing: border-box;\\n\\","}\\n\\","body {\\n\\","    background: #dde;\\n\\","    font-family: Arial, Helvetica, sans-serif;\\n\\","    margin: 2rem;\\n\\","}\\n\\","body > * {\\n\\","    margin-bottom: 1rem;\\n\\","}\\n\\",".utility2FooterDiv {\\n\\","    margin-top: 20px;\\n\\","    text-align: center;\\n\\","}\\n\\","</style>\\n\\","<style>\\n\\","/*csslint\\n\\","*/\\n\\","textarea {\\n\\","    font-family: monospace;\\n\\","    height: 10rem;\\n\\","    width: 100%;\\n\\","}\\n\\","textarea[readonly] {\\n\\","    background: #ddd;\\n\\","}\\n\\","</style>\\n\\","</head>\\n\\","<body>\\n\\","<!-- utility2-comment\\n\\","<div id=\"ajaxProgressDiv1\" style=\"background: #d00; height: 2px; left: 0; margin: 0; padding: 0; position: fixed; top: 0; transition: background 0.5s, width 1.5s; width: 25%;\"></div>\\n\\","utility2-comment -->\\n\\","<h1>\\n\\","<!-- utility2-comment\\n\\","    <a\\n\\","        {{#if env.npm_package_homepage}}\\n\\","        href=\"{{env.npm_package_homepage}}\"\\n\\","        {{/if env.npm_package_homepage}}\\n\\","        target=\"_blank\"\\n\\","    >\\n\\","utility2-comment -->\\n\\","        {{env.npm_package_name}} (v{{env.npm_package_version}})\\n\\","<!-- utility2-comment\\n\\","    </a>\\n\\","utility2-comment -->\\n\\","</h1>\\n\\","<h3>{{env.npm_package_description}}</h3>\\n\\","<!-- utility2-comment\\n\\","<h4><a download href=\"assets.app.js\">download standalone app</a></h4>\\n\\","<button class=\"onclick onreset\" id=\"testRunButton1\">run internal test</button><br>\\n\\","<div id=\"testReportDiv1\" style=\"display: none;\"></div>\\n\\","utility2-comment -->\\n\\","\\n\\","\\n\\","\\n\\","<label>stderr and stdout</label>\\n\\","<textarea class=\"resettable\" id=\"outputTextareaStdout1\" readonly></textarea>\\n\\","<!-- utility2-comment\\n\\","{{#if isRollup}}\\n\\","<script src=\"assets.app.js\"></script>\\n\\","{{#unless isRollup}}\\n\\","utility2-comment -->\\n\\","<script src=\"assets.utility2.rollup.js\"></script>\\n\\","<script src=\"jsonp.utility2._stateInit?callback=window.utility2._stateInit\"></script>\\n\\","<script src=\"assets.npmtest_netbeast.rollup.js\"></script>\\n\\","<script src=\"assets.example.js\"></script>\\n\\","<script src=\"assets.test.js\"></script>\\n\\","<!-- utility2-comment\\n\\","{{/if isRollup}}\\n\\","utility2-comment -->\\n\\","<div class=\"utility2FooterDiv\">\\n\\","    [ this app was created with\\n\\","    <a href=\"https://github.com/kaizhu256/node-utility2\" target=\"_blank\">utility2</a>\\n\\","    ]\\n\\","</div>\\n\\","</body>\\n\\","</html>\\n\\","';","        /* jslint-ignore-end */","        if (local.templateRender) {","            local.assetsDict['/'] = local.templateRender(","                local.assetsDict['/assets.index.template.html'],","                {","                    env: local.objectSetDefault(local.env, {","                        npm_package_description: 'the greatest app in the world!',","                        npm_package_name: 'my-app',","                        npm_package_nameAlias: 'my_app',","                        npm_package_version: '0.0.1'","                    })","                }","            );","        } else {","            local.assetsDict['/'] = local.assetsDict['/assets.index.template.html']","                .replace((/\\{\\{env\\.(\\w+?)\\}\\}/g), function (match0, match1) {","                    // jslint-hack","                    String(match0);","                    switch (match1) {","                    case 'npm_package_description':","                        return 'the greatest app in the world!';","                    case 'npm_package_name':","                        return 'my-app';","                    case 'npm_package_nameAlias':","                        return 'my_app';","                    case 'npm_package_version':","                        return '0.0.1';","                    }","                });","        }","        // run the cli","        if (local.global.utility2_rollup || module !== require.main) {","            break;","        }","        local.assetsDict['/assets.example.js'] =","            local.assetsDict['/assets.example.js'] ||","            local.fs.readFileSync(__filename, 'utf8');","        // bug-workaround - long $npm_package_buildCustomOrg","        /* jslint-ignore-begin */","        local.assetsDict['/assets.npmtest_netbeast.rollup.js'] =","            local.assetsDict['/assets.npmtest_netbeast.rollup.js'] ||","            local.fs.readFileSync(","                local.npmtest_netbeast.__dirname + '/lib.npmtest_netbeast.js',","                'utf8'","            ).replace((/^#!/), '//');","        /* jslint-ignore-end */","        local.assetsDict['/favicon.ico'] = local.assetsDict['/favicon.ico'] || '';","        // if $npm_config_timeout_exit exists,","        // then exit this process after $npm_config_timeout_exit ms","        if (Number(process.env.npm_config_timeout_exit)) {","            setTimeout(process.exit, Number(process.env.npm_config_timeout_exit));","        }","        // start server","        if (local.global.utility2_serverHttp1) {","            break;","        }","        process.env.PORT = process.env.PORT || '8081';","        console.error('server starting on port ' + process.env.PORT);","        local.http.createServer(function (request, response) {","            request.urlParsed = local.url.parse(request.url);","            if (local.assetsDict[request.urlParsed.pathname] !== undefined) {","                response.end(local.assetsDict[request.urlParsed.pathname]);","                return;","            }","            response.statusCode = 404;","            response.end();","        }).listen(process.env.PORT);","        break;","    }","}());",""],"l":{"26":2,"28":2,"33":2,"35":2,"37":2,"38":2,"39":2,"44":1,"51":2,"55":2,"59":2,"61":2,"69":1,"70":2,"76":2,"79":2,"82":2,"83":2,"85":1,"89":2,"92":1,"93":1,"94":1,"96":1,"97":1,"100":1,"101":1,"103":1,"106":1,"108":2,"114":1,"116":1,"118":1,"123":1,"124":2,"125":2,"126":3,"127":3,"128":3,"129":3,"130":1,"133":3,"134":3,"139":3,"143":1,"144":3,"145":1,"149":1,"150":1,"158":1,"160":1,"161":1,"162":1,"164":1,"166":1,"258":1,"259":1,"271":1,"274":6,"275":6,"277":1,"279":2,"281":1,"283":2,"288":1,"289":1,"291":1,"296":1,"303":1,"306":1,"307":1,"310":1,"311":1,"313":1,"314":1,"315":1,"316":1,"317":1,"318":1,"319":1,"321":1,"322":1,"324":1}},"/home/travis/build/npmtest/node-npmtest-netbeast/node_modules/netbeast/index.js":{"path":"/home/travis/build/npmtest/node-npmtest-netbeast/node_modules/netbeast/index.js","s":{"1":1,"2":1,"3":1,"4":1,"5":1,"6":1,"7":1,"8":1,"9":1,"10":1,"11":0,"12":0,"13":0,"14":0,"15":0,"16":0,"17":0,"18":0,"19":0,"20":0,"21":0,"22":0,"23":0,"24":0,"25":0,"26":0,"27":0,"28":0,"29":0,"30":0,"31":0,"32":0,"33":0,"34":0,"35":0,"36":0,"37":0,"38":0,"39":0,"40":0,"41":0,"42":0,"43":0,"44":0,"45":0,"46":0,"47":0,"48":0,"49":0,"50":0,"51":0,"52":0,"53":0,"54":0,"55":0,"56":0,"57":0,"58":0,"59":0,"60":0,"61":0,"62":0,"63":0,"64":0,"65":0,"66":0,"67":0,"68":0,"69":0,"70":0,"71":0,"72":0,"73":0,"74":0,"75":0,"76":0,"77":0,"78":0,"79":0,"80":0,"81":0,"82":0,"83":0,"84":0,"85":0,"86":0,"87":0,"88":0,"89":0,"90":0,"91":0,"92":0,"93":0,"94":0,"95":0,"96":0,"97":0,"98":0,"99":0,"100":0,"101":0,"102":0,"103":0,"104":0,"105":0,"106":0,"107":0,"108":0,"109":0,"110":0,"111":0,"112":0,"113":0,"114":0,"115":0,"116":0,"117":0,"118":1,"119":0,"120":0,"121":0,"122":0,"123":0,"124":0,"125":0,"126":0,"127":0,"128":0,"129":1,"130":0,"131":0,"132":0,"133":0,"134":0,"135":0,"136":1,"137":0,"138":0,"139":0,"140":0,"141":0,"142":0,"143":0,"144":0,"145":0,"146":1,"147":0,"148":0,"149":0,"150":0,"151":0,"152":0,"153":1,"154":0,"155":0,"156":0,"157":1,"158":0,"159":0,"160":1,"161":0,"162":0,"163":0,"164":0,"165":0,"166":0,"167":0,"168":0,"169":0,"170":0,"171":0,"172":0,"173":0,"174":0,"175":1,"176":0,"177":1,"178":0,"179":1,"180":0,"181":1,"182":0,"183":1,"184":0,"185":0,"186":0,"187":0,"188":0,"189":0,"190":0,"191":0,"192":0,"193":0,"194":0,"195":1,"196":0,"197":0,"198":0,"199":0,"200":0,"201":0,"202":0,"203":0,"204":0,"205":0,"206":0,"207":0,"208":0,"209":1},"b":{"1":[0,0],"2":[0,0],"3":[0,0],"4":[0,0],"5":[0,0],"6":[0,0],"7":[0,0],"8":[0,0],"9":[0,0],"10":[0,0],"11":[0,0],"12":[0,0],"13":[0,0],"14":[0,0],"15":[0,0],"16":[0,0],"17":[0,0],"18":[0,0],"19":[0,0],"20":[0,0],"21":[0,0],"22":[0,0],"23":[0,0],"24":[0,0],"25":[0,0],"26":[0,0],"27":[0,0],"28":[0,0],"29":[0,0],"30":[0,0],"31":[0,0],"32":[0,0],"33":[0,0,0,0],"34":[0,0],"35":[0,0],"36":[0,0],"37":[0,0],"38":[0,0],"39":[0,0]},"f":{"1":0,"2":0,"3":0,"4":0,"5":0,"6":0,"7":0,"8":0,"9":0,"10":0,"11":0,"12":0,"13":0,"14":0,"15":0,"16":0,"17":0,"18":0,"19":0,"20":0,"21":0,"22":0,"23":0,"24":0,"25":0,"26":0,"27":0,"28":0,"29":0,"30":0,"31":0,"32":0,"33":0,"34":0,"35":0,"36":0,"37":0,"38":0,"39":0,"40":0,"41":0,"42":0,"43":0,"44":0,"45":0,"46":0,"47":0,"48":0,"49":0,"50":0,"51":0,"52":0,"53":0,"54":0,"55":0,"56":0,"57":0},"fnMap":{"1":{"name":"netbeast","line":13,"loc":{"start":{"line":13,"column":0},"end":{"line":13,"column":26}}},"2":{"name":"(anonymous_2)","line":23,"loc":{"start":{"line":23,"column":24},"end":{"line":23,"column":44}}},"3":{"name":"(anonymous_3)","line":25,"loc":{"start":{"line":25,"column":10},"end":{"line":25,"column":25}}},"4":{"name":"(anonymous_4)","line":28,"loc":{"start":{"line":28,"column":12},"end":{"line":28,"column":27}}},"5":{"name":"(anonymous_5)","line":42,"loc":{"start":{"line":42,"column":15},"end":{"line":42,"column":32}}},"6":{"name":"(anonymous_6)","line":48,"loc":{"start":{"line":48,"column":20},"end":{"line":48,"column":32}}},"7":{"name":"(anonymous_7)","line":51,"loc":{"start":{"line":51,"column":10},"end":{"line":51,"column":25}}},"8":{"name":"(anonymous_8)","line":52,"loc":{"start":{"line":52,"column":23},"end":{"line":52,"column":41}}},"9":{"name":"(anonymous_9)","line":59,"loc":{"start":{"line":59,"column":12},"end":{"line":59,"column":32}}},"10":{"name":"(anonymous_10)","line":64,"loc":{"start":{"line":64,"column":21},"end":{"line":64,"column":38}}},"11":{"name":"(anonymous_11)","line":71,"loc":{"start":{"line":71,"column":24},"end":{"line":71,"column":44}}},"12":{"name":"(anonymous_12)","line":78,"loc":{"start":{"line":78,"column":16},"end":{"line":78,"column":32}}},"13":{"name":"(anonymous_13)","line":87,"loc":{"start":{"line":87,"column":27},"end":{"line":87,"column":45}}},"14":{"name":"(anonymous_14)","line":88,"loc":{"start":{"line":88,"column":31},"end":{"line":88,"column":55}}},"15":{"name":"(anonymous_15)","line":100,"loc":{"start":{"line":100,"column":21},"end":{"line":100,"column":42}}},"16":{"name":"(anonymous_16)","line":101,"loc":{"start":{"line":101,"column":34},"end":{"line":101,"column":48}}},"17":{"name":"(anonymous_17)","line":107,"loc":{"start":{"line":107,"column":16},"end":{"line":107,"column":32}}},"18":{"name":"(anonymous_18)","line":113,"loc":{"start":{"line":113,"column":20},"end":{"line":113,"column":34}}},"19":{"name":"(anonymous_19)","line":118,"loc":{"start":{"line":118,"column":23},"end":{"line":118,"column":40}}},"20":{"name":"(anonymous_20)","line":123,"loc":{"start":{"line":123,"column":27},"end":{"line":123,"column":47}}},"21":{"name":"(anonymous_21)","line":128,"loc":{"start":{"line":128,"column":21},"end":{"line":128,"column":33}}},"22":{"name":"(anonymous_22)","line":133,"loc":{"start":{"line":133,"column":13},"end":{"line":133,"column":29}}},"23":{"name":"(anonymous_23)","line":139,"loc":{"start":{"line":139,"column":22},"end":{"line":139,"column":34}}},"24":{"name":"(anonymous_24)","line":144,"loc":{"start":{"line":144,"column":17},"end":{"line":144,"column":31}}},"25":{"name":"(anonymous_25)","line":149,"loc":{"start":{"line":149,"column":20},"end":{"line":149,"column":37}}},"26":{"name":"(anonymous_26)","line":154,"loc":{"start":{"line":154,"column":18},"end":{"line":154,"column":30}}},"27":{"name":"(anonymous_27)","line":159,"loc":{"start":{"line":159,"column":17},"end":{"line":159,"column":34}}},"28":{"name":"(anonymous_28)","line":164,"loc":{"start":{"line":164,"column":22},"end":{"line":164,"column":47}}},"29":{"name":"(anonymous_29)","line":165,"loc":{"start":{"line":165,"column":32},"end":{"line":165,"column":48}}},"30":{"name":"(anonymous_30)","line":170,"loc":{"start":{"line":170,"column":17},"end":{"line":170,"column":36}}},"31":{"name":"(anonymous_31)","line":173,"loc":{"start":{"line":173,"column":25},"end":{"line":173,"column":37}}},"32":{"name":"(anonymous_32)","line":179,"loc":{"start":{"line":179,"column":13},"end":{"line":179,"column":29}}},"33":{"name":"(anonymous_33)","line":184,"loc":{"start":{"line":184,"column":17},"end":{"line":184,"column":37}}},"34":{"name":"(anonymous_34)","line":189,"loc":{"start":{"line":189,"column":20},"end":{"line":189,"column":43}}},"35":{"name":"(anonymous_35)","line":194,"loc":{"start":{"line":194,"column":15},"end":{"line":194,"column":32}}},"36":{"name":"(anonymous_36)","line":199,"loc":{"start":{"line":199,"column":18},"end":{"line":199,"column":34}}},"37":{"name":"queryCustom","line":208,"loc":{"start":{"line":208,"column":2},"end":{"line":208,"column":30}}},"38":{"name":"queryCustomScene","line":217,"loc":{"start":{"line":217,"column":2},"end":{"line":217,"column":35}}},"39":{"name":"normalizeArguments","line":224,"loc":{"start":{"line":224,"column":2},"end":{"line":224,"column":37}}},"40":{"name":"(anonymous_40)","line":231,"loc":{"start":{"line":231,"column":19},"end":{"line":231,"column":36}}},"41":{"name":"(anonymous_41)","line":242,"loc":{"start":{"line":242,"column":16},"end":{"line":242,"column":28}}},"42":{"name":"(anonymous_42)","line":243,"loc":{"start":{"line":243,"column":21},"end":{"line":243,"column":48}}},"43":{"name":"(anonymous_43)","line":244,"loc":{"start":{"line":244,"column":9},"end":{"line":244,"column":26}}},"44":{"name":"(anonymous_44)","line":255,"loc":{"start":{"line":255,"column":16},"end":{"line":255,"column":28}}},"45":{"name":"(anonymous_45)","line":260,"loc":{"start":{"line":260,"column":15},"end":{"line":260,"column":40}}},"46":{"name":"(anonymous_46)","line":265,"loc":{"start":{"line":265,"column":16},"end":{"line":265,"column":31}}},"47":{"name":"(anonymous_47)","line":291,"loc":{"start":{"line":291,"column":17},"end":{"line":291,"column":40}}},"48":{"name":"(anonymous_48)","line":295,"loc":{"start":{"line":295,"column":16},"end":{"line":295,"column":39}}},"49":{"name":"(anonymous_49)","line":299,"loc":{"start":{"line":299,"column":19},"end":{"line":299,"column":42}}},"50":{"name":"(anonymous_50)","line":303,"loc":{"start":{"line":303,"column":19},"end":{"line":303,"column":42}}},"51":{"name":"(anonymous_51)","line":307,"loc":{"start":{"line":307,"column":14},"end":{"line":307,"column":41}}},"52":{"name":"(anonymous_52)","line":310,"loc":{"start":{"line":310,"column":23},"end":{"line":310,"column":35}}},"53":{"name":"(anonymous_53)","line":317,"loc":{"start":{"line":317,"column":23},"end":{"line":317,"column":49}}},"54":{"name":"(anonymous_54)","line":327,"loc":{"start":{"line":327,"column":27},"end":{"line":327,"column":42}}},"55":{"name":"(anonymous_55)","line":329,"loc":{"start":{"line":329,"column":28},"end":{"line":329,"column":55}}},"56":{"name":"(anonymous_56)","line":331,"loc":{"start":{"line":331,"column":10},"end":{"line":331,"column":25}}},"57":{"name":"(anonymous_57)","line":337,"loc":{"start":{"line":337,"column":34},"end":{"line":337,"column":50}}}},"statementMap":{"1":{"start":{"line":1,"column":0},"end":{"line":1,"column":33}},"2":{"start":{"line":2,"column":0},"end":{"line":2,"column":52}},"3":{"start":{"line":3,"column":0},"end":{"line":3,"column":28}},"4":{"start":{"line":4,"column":0},"end":{"line":4,"column":26}},"5":{"start":{"line":6,"column":0},"end":{"line":6,"column":32}},"6":{"start":{"line":8,"column":0},"end":{"line":8,"column":38}},"7":{"start":{"line":9,"column":0},"end":{"line":9,"column":56}},"8":{"start":{"line":10,"column":0},"end":{"line":10,"column":56}},"9":{"start":{"line":11,"column":0},"end":{"line":11,"column":46}},"10":{"start":{"line":13,"column":0},"end":{"line":240,"column":1}},"11":{"start":{"line":14,"column":2},"end":{"line":14,"column":15}},"12":{"start":{"line":15,"column":2},"end":{"line":15,"column":17}},"13":{"start":{"line":16,"column":2},"end":{"line":16,"column":26}},"14":{"start":{"line":17,"column":2},"end":{"line":17,"column":28}},"15":{"start":{"line":18,"column":2},"end":{"line":18,"column":25}},"16":{"start":{"line":19,"column":2},"end":{"line":19,"column":25}},"17":{"start":{"line":23,"column":2},"end":{"line":39,"column":3}},"18":{"start":{"line":24,"column":4},"end":{"line":38,"column":6}},"19":{"start":{"line":26,"column":6},"end":{"line":26,"column":84}},"20":{"start":{"line":26,"column":28},"end":{"line":26,"column":84}},"21":{"start":{"line":27,"column":6},"end":{"line":37,"column":8}},"22":{"start":{"line":30,"column":8},"end":{"line":35,"column":9}},"23":{"start":{"line":36,"column":8},"end":{"line":36,"column":63}},"24":{"start":{"line":42,"column":2},"end":{"line":45,"column":3}},"25":{"start":{"line":43,"column":4},"end":{"line":43,"column":28}},"26":{"start":{"line":44,"column":4},"end":{"line":44,"column":15}},"27":{"start":{"line":48,"column":2},"end":{"line":56,"column":3}},"28":{"start":{"line":49,"column":4},"end":{"line":49,"column":82}},"29":{"start":{"line":49,"column":27},"end":{"line":49,"column":82}},"30":{"start":{"line":50,"column":4},"end":{"line":55,"column":6}},"31":{"start":{"line":52,"column":6},"end":{"line":54,"column":8}},"32":{"start":{"line":53,"column":8},"end":{"line":53,"column":64}},"33":{"start":{"line":59,"column":2},"end":{"line":62,"column":3}},"34":{"start":{"line":60,"column":4},"end":{"line":60,"column":34}},"35":{"start":{"line":61,"column":4},"end":{"line":61,"column":15}},"36":{"start":{"line":64,"column":2},"end":{"line":69,"column":3}},"37":{"start":{"line":65,"column":4},"end":{"line":65,"column":106}},"38":{"start":{"line":65,"column":16},"end":{"line":65,"column":106}},"39":{"start":{"line":66,"column":4},"end":{"line":66,"column":114}},"40":{"start":{"line":66,"column":27},"end":{"line":66,"column":114}},"41":{"start":{"line":68,"column":4},"end":{"line":68,"column":93}},"42":{"start":{"line":71,"column":2},"end":{"line":76,"column":3}},"43":{"start":{"line":72,"column":4},"end":{"line":72,"column":118}},"44":{"start":{"line":72,"column":19},"end":{"line":72,"column":118}},"45":{"start":{"line":73,"column":4},"end":{"line":73,"column":120}},"46":{"start":{"line":73,"column":27},"end":{"line":73,"column":120}},"47":{"start":{"line":75,"column":4},"end":{"line":75,"column":99}},"48":{"start":{"line":78,"column":2},"end":{"line":84,"column":3}},"49":{"start":{"line":79,"column":4},"end":{"line":79,"column":92}},"50":{"start":{"line":79,"column":42},"end":{"line":79,"column":92}},"51":{"start":{"line":80,"column":4},"end":{"line":80,"column":69}},"52":{"start":{"line":80,"column":20},"end":{"line":80,"column":69}},"53":{"start":{"line":81,"column":4},"end":{"line":81,"column":72}},"54":{"start":{"line":81,"column":19},"end":{"line":81,"column":72}},"55":{"start":{"line":83,"column":4},"end":{"line":83,"column":67}},"56":{"start":{"line":87,"column":2},"end":{"line":97,"column":3}},"57":{"start":{"line":88,"column":4},"end":{"line":96,"column":6}},"58":{"start":{"line":90,"column":6},"end":{"line":90,"column":39}},"59":{"start":{"line":91,"column":6},"end":{"line":91,"column":50}},"60":{"start":{"line":92,"column":6},"end":{"line":94,"column":7}},"61":{"start":{"line":93,"column":8},"end":{"line":93,"column":75}},"62":{"start":{"line":93,"column":57},"end":{"line":93,"column":75}},"63":{"start":{"line":95,"column":6},"end":{"line":95,"column":61}},"64":{"start":{"line":100,"column":2},"end":{"line":104,"column":3}},"65":{"start":{"line":101,"column":4},"end":{"line":103,"column":6}},"66":{"start":{"line":102,"column":6},"end":{"line":102,"column":29}},"67":{"start":{"line":107,"column":2},"end":{"line":110,"column":3}},"68":{"start":{"line":108,"column":4},"end":{"line":108,"column":61}},"69":{"start":{"line":109,"column":4},"end":{"line":109,"column":61}},"70":{"start":{"line":113,"column":2},"end":{"line":115,"column":3}},"71":{"start":{"line":114,"column":4},"end":{"line":114,"column":60}},"72":{"start":{"line":118,"column":2},"end":{"line":120,"column":3}},"73":{"start":{"line":119,"column":4},"end":{"line":119,"column":66}},"74":{"start":{"line":123,"column":2},"end":{"line":125,"column":3}},"75":{"start":{"line":124,"column":4},"end":{"line":124,"column":94}},"76":{"start":{"line":128,"column":2},"end":{"line":130,"column":3}},"77":{"start":{"line":129,"column":4},"end":{"line":129,"column":80}},"78":{"start":{"line":133,"column":2},"end":{"line":136,"column":3}},"79":{"start":{"line":134,"column":4},"end":{"line":134,"column":90}},"80":{"start":{"line":134,"column":40},"end":{"line":134,"column":90}},"81":{"start":{"line":135,"column":4},"end":{"line":135,"column":91}},"82":{"start":{"line":139,"column":2},"end":{"line":141,"column":3}},"83":{"start":{"line":140,"column":4},"end":{"line":140,"column":45}},"84":{"start":{"line":144,"column":2},"end":{"line":146,"column":3}},"85":{"start":{"line":145,"column":4},"end":{"line":145,"column":56}},"86":{"start":{"line":149,"column":2},"end":{"line":151,"column":3}},"87":{"start":{"line":150,"column":4},"end":{"line":150,"column":62}},"88":{"start":{"line":154,"column":2},"end":{"line":156,"column":3}},"89":{"start":{"line":155,"column":4},"end":{"line":155,"column":71}},"90":{"start":{"line":159,"column":2},"end":{"line":162,"column":3}},"91":{"start":{"line":160,"column":4},"end":{"line":160,"column":28}},"92":{"start":{"line":161,"column":4},"end":{"line":161,"column":15}},"93":{"start":{"line":164,"column":2},"end":{"line":168,"column":3}},"94":{"start":{"line":165,"column":4},"end":{"line":167,"column":6}},"95":{"start":{"line":166,"column":6},"end":{"line":166,"column":81}},"96":{"start":{"line":170,"column":2},"end":{"line":176,"column":3}},"97":{"start":{"line":171,"column":4},"end":{"line":171,"column":61}},"98":{"start":{"line":173,"column":4},"end":{"line":175,"column":6}},"99":{"start":{"line":174,"column":6},"end":{"line":174,"column":79}},"100":{"start":{"line":179,"column":2},"end":{"line":181,"column":3}},"101":{"start":{"line":180,"column":4},"end":{"line":180,"column":106}},"102":{"start":{"line":184,"column":2},"end":{"line":186,"column":3}},"103":{"start":{"line":185,"column":4},"end":{"line":185,"column":68}},"104":{"start":{"line":189,"column":2},"end":{"line":191,"column":3}},"105":{"start":{"line":190,"column":4},"end":{"line":190,"column":74}},"106":{"start":{"line":194,"column":2},"end":{"line":197,"column":3}},"107":{"start":{"line":195,"column":4},"end":{"line":195,"column":28}},"108":{"start":{"line":196,"column":4},"end":{"line":196,"column":15}},"109":{"start":{"line":199,"column":2},"end":{"line":206,"column":3}},"110":{"start":{"line":200,"column":4},"end":{"line":200,"column":92}},"111":{"start":{"line":200,"column":42},"end":{"line":200,"column":92}},"112":{"start":{"line":201,"column":4},"end":{"line":201,"column":69}},"113":{"start":{"line":201,"column":20},"end":{"line":201,"column":69}},"114":{"start":{"line":202,"column":4},"end":{"line":202,"column":72}},"115":{"start":{"line":202,"column":19},"end":{"line":202,"column":72}},"116":{"start":{"line":204,"column":4},"end":{"line":204,"column":37}},"117":{"start":{"line":205,"column":4},"end":{"line":205,"column":79}},"118":{"start":{"line":208,"column":2},"end":{"line":215,"column":3}},"119":{"start":{"line":209,"column":4},"end":{"line":209,"column":32}},"120":{"start":{"line":210,"column":4},"end":{"line":210,"column":62}},"121":{"start":{"line":210,"column":26},"end":{"line":210,"column":62}},"122":{"start":{"line":211,"column":4},"end":{"line":211,"column":62}},"123":{"start":{"line":211,"column":26},"end":{"line":211,"column":62}},"124":{"start":{"line":212,"column":4},"end":{"line":212,"column":71}},"125":{"start":{"line":212,"column":29},"end":{"line":212,"column":71}},"126":{"start":{"line":213,"column":4},"end":{"line":213,"column":66}},"127":{"start":{"line":213,"column":26},"end":{"line":213,"column":66}},"128":{"start":{"line":214,"column":4},"end":{"line":214,"column":22}},"129":{"start":{"line":217,"column":2},"end":{"line":222,"column":3}},"130":{"start":{"line":218,"column":4},"end":{"line":218,"column":32}},"131":{"start":{"line":219,"column":4},"end":{"line":219,"column":71}},"132":{"start":{"line":219,"column":29},"end":{"line":219,"column":71}},"133":{"start":{"line":220,"column":4},"end":{"line":220,"column":64}},"134":{"start":{"line":220,"column":26},"end":{"line":220,"column":64}},"135":{"start":{"line":221,"column":4},"end":{"line":221,"column":22}},"136":{"start":{"line":224,"column":2},"end":{"line":237,"column":3}},"137":{"start":{"line":226,"column":4},"end":{"line":226,"column":60}},"138":{"start":{"line":228,"column":4},"end":{"line":228,"column":51}},"139":{"start":{"line":230,"column":4},"end":{"line":234,"column":5}},"140":{"start":{"line":231,"column":6},"end":{"line":231,"column":58}},"141":{"start":{"line":231,"column":38},"end":{"line":231,"column":56}},"142":{"start":{"line":232,"column":11},"end":{"line":234,"column":5}},"143":{"start":{"line":233,"column":6},"end":{"line":233,"column":18}},"144":{"start":{"line":236,"column":4},"end":{"line":236,"column":16}},"145":{"start":{"line":239,"column":2},"end":{"line":239,"column":13}},"146":{"start":{"line":242,"column":0},"end":{"line":253,"column":1}},"147":{"start":{"line":243,"column":2},"end":{"line":252,"column":4}},"148":{"start":{"line":244,"column":4},"end":{"line":251,"column":6}},"149":{"start":{"line":245,"column":6},"end":{"line":248,"column":7}},"150":{"start":{"line":246,"column":8},"end":{"line":246,"column":30}},"151":{"start":{"line":247,"column":8},"end":{"line":247,"column":29}},"152":{"start":{"line":250,"column":6},"end":{"line":250,"column":62}},"153":{"start":{"line":255,"column":0},"end":{"line":258,"column":1}},"154":{"start":{"line":256,"column":2},"end":{"line":256,"column":72}},"155":{"start":{"line":256,"column":28},"end":{"line":256,"column":72}},"156":{"start":{"line":257,"column":2},"end":{"line":257,"column":24}},"157":{"start":{"line":260,"column":0},"end":{"line":263,"column":1}},"158":{"start":{"line":261,"column":2},"end":{"line":261,"column":73}},"159":{"start":{"line":262,"column":2},"end":{"line":262,"column":17}},"160":{"start":{"line":265,"column":0},"end":{"line":289,"column":1}},"161":{"start":{"line":267,"column":2},"end":{"line":268,"column":38}},"162":{"start":{"line":270,"column":2},"end":{"line":283,"column":3}},"163":{"start":{"line":272,"column":4},"end":{"line":272,"column":37}},"164":{"start":{"line":273,"column":4},"end":{"line":273,"column":9}},"165":{"start":{"line":275,"column":4},"end":{"line":275,"column":40}},"166":{"start":{"line":276,"column":4},"end":{"line":276,"column":9}},"167":{"start":{"line":278,"column":4},"end":{"line":278,"column":38}},"168":{"start":{"line":279,"column":4},"end":{"line":279,"column":9}},"169":{"start":{"line":281,"column":4},"end":{"line":281,"column":39}},"170":{"start":{"line":282,"column":4},"end":{"line":282,"column":9}},"171":{"start":{"line":285,"column":2},"end":{"line":285,"column":59}},"172":{"start":{"line":286,"column":2},"end":{"line":286,"column":18}},"173":{"start":{"line":287,"column":2},"end":{"line":287,"column":54}},"174":{"start":{"line":288,"column":2},"end":{"line":288,"column":14}},"175":{"start":{"line":291,"column":0},"end":{"line":293,"column":1}},"176":{"start":{"line":292,"column":2},"end":{"line":292,"column":64}},"177":{"start":{"line":295,"column":0},"end":{"line":297,"column":1}},"178":{"start":{"line":296,"column":2},"end":{"line":296,"column":63}},"179":{"start":{"line":299,"column":0},"end":{"line":301,"column":1}},"180":{"start":{"line":300,"column":2},"end":{"line":300,"column":66}},"181":{"start":{"line":303,"column":0},"end":{"line":305,"column":1}},"182":{"start":{"line":304,"column":2},"end":{"line":304,"column":66}},"183":{"start":{"line":307,"column":0},"end":{"line":324,"column":1}},"184":{"start":{"line":308,"column":2},"end":{"line":308,"column":59}},"185":{"start":{"line":310,"column":2},"end":{"line":313,"column":4}},"186":{"start":{"line":311,"column":4},"end":{"line":311,"column":28}},"187":{"start":{"line":312,"column":4},"end":{"line":312,"column":41}},"188":{"start":{"line":315,"column":2},"end":{"line":315,"column":64}},"189":{"start":{"line":315,"column":14},"end":{"line":315,"column":64}},"190":{"start":{"line":317,"column":2},"end":{"line":323,"column":4}},"191":{"start":{"line":318,"column":4},"end":{"line":318,"column":24}},"192":{"start":{"line":319,"column":4},"end":{"line":322,"column":5}},"193":{"start":{"line":320,"column":6},"end":{"line":320,"column":46}},"194":{"start":{"line":321,"column":6},"end":{"line":321,"column":29}},"195":{"start":{"line":327,"column":0},"end":{"line":348,"column":1}},"196":{"start":{"line":328,"column":2},"end":{"line":328,"column":15}},"197":{"start":{"line":329,"column":2},"end":{"line":346,"column":4}},"198":{"start":{"line":330,"column":4},"end":{"line":345,"column":6}},"199":{"start":{"line":332,"column":6},"end":{"line":334,"column":7}},"200":{"start":{"line":333,"column":8},"end":{"line":333,"column":93}},"201":{"start":{"line":333,"column":57},"end":{"line":333,"column":93}},"202":{"start":{"line":336,"column":6},"end":{"line":344,"column":7}},"203":{"start":{"line":337,"column":8},"end":{"line":339,"column":10}},"204":{"start":{"line":338,"column":10},"end":{"line":338,"column":63}},"205":{"start":{"line":340,"column":13},"end":{"line":344,"column":7}},"206":{"start":{"line":341,"column":8},"end":{"line":341,"column":57}},"207":{"start":{"line":343,"column":8},"end":{"line":343,"column":57}},"208":{"start":{"line":347,"column":2},"end":{"line":347,"column":16}},"209":{"start":{"line":350,"column":0},"end":{"line":350,"column":25}}},"branchMap":{"1":{"line":26,"type":"if","locations":[{"start":{"line":26,"column":6},"end":{"line":26,"column":6}},{"start":{"line":26,"column":6},"end":{"line":26,"column":6}}]},"2":{"line":49,"type":"if","locations":[{"start":{"line":49,"column":4},"end":{"line":49,"column":4}},{"start":{"line":49,"column":4},"end":{"line":49,"column":4}}]},"3":{"line":65,"type":"if","locations":[{"start":{"line":65,"column":4},"end":{"line":65,"column":4}},{"start":{"line":65,"column":4},"end":{"line":65,"column":4}}]},"4":{"line":66,"type":"if","locations":[{"start":{"line":66,"column":4},"end":{"line":66,"column":4}},{"start":{"line":66,"column":4},"end":{"line":66,"column":4}}]},"5":{"line":72,"type":"if","locations":[{"start":{"line":72,"column":4},"end":{"line":72,"column":4}},{"start":{"line":72,"column":4},"end":{"line":72,"column":4}}]},"6":{"line":73,"type":"if","locations":[{"start":{"line":73,"column":4},"end":{"line":73,"column":4}},{"start":{"line":73,"column":4},"end":{"line":73,"column":4}}]},"7":{"line":79,"type":"if","locations":[{"start":{"line":79,"column":4},"end":{"line":79,"column":4}},{"start":{"line":79,"column":4},"end":{"line":79,"column":4}}]},"8":{"line":79,"type":"binary-expr","locations":[{"start":{"line":79,"column":8},"end":{"line":79,"column":25}},{"start":{"line":79,"column":29},"end":{"line":79,"column":40}}]},"9":{"line":80,"type":"if","locations":[{"start":{"line":80,"column":4},"end":{"line":80,"column":4}},{"start":{"line":80,"column":4},"end":{"line":80,"column":4}}]},"10":{"line":81,"type":"if","locations":[{"start":{"line":81,"column":4},"end":{"line":81,"column":4}},{"start":{"line":81,"column":4},"end":{"line":81,"column":4}}]},"11":{"line":93,"type":"if","locations":[{"start":{"line":93,"column":8},"end":{"line":93,"column":8}},{"start":{"line":93,"column":8},"end":{"line":93,"column":8}}]},"12":{"line":134,"type":"if","locations":[{"start":{"line":134,"column":4},"end":{"line":134,"column":4}},{"start":{"line":134,"column":4},"end":{"line":134,"column":4}}]},"13":{"line":200,"type":"if","locations":[{"start":{"line":200,"column":4},"end":{"line":200,"column":4}},{"start":{"line":200,"column":4},"end":{"line":200,"column":4}}]},"14":{"line":200,"type":"binary-expr","locations":[{"start":{"line":200,"column":8},"end":{"line":200,"column":25}},{"start":{"line":200,"column":29},"end":{"line":200,"column":40}}]},"15":{"line":201,"type":"if","locations":[{"start":{"line":201,"column":4},"end":{"line":201,"column":4}},{"start":{"line":201,"column":4},"end":{"line":201,"column":4}}]},"16":{"line":202,"type":"if","locations":[{"start":{"line":202,"column":4},"end":{"line":202,"column":4}},{"start":{"line":202,"column":4},"end":{"line":202,"column":4}}]},"17":{"line":209,"type":"binary-expr","locations":[{"start":{"line":209,"column":22},"end":{"line":209,"column":26}},{"start":{"line":209,"column":30},"end":{"line":209,"column":32}}]},"18":{"line":210,"type":"if","locations":[{"start":{"line":210,"column":4},"end":{"line":210,"column":4}},{"start":{"line":210,"column":4},"end":{"line":210,"column":4}}]},"19":{"line":211,"type":"if","locations":[{"start":{"line":211,"column":4},"end":{"line":211,"column":4}},{"start":{"line":211,"column":4},"end":{"line":211,"column":4}}]},"20":{"line":212,"type":"if","locations":[{"start":{"line":212,"column":4},"end":{"line":212,"column":4}},{"start":{"line":212,"column":4},"end":{"line":212,"column":4}}]},"21":{"line":213,"type":"if","locations":[{"start":{"line":213,"column":4},"end":{"line":213,"column":4}},{"start":{"line":213,"column":4},"end":{"line":213,"column":4}}]},"22":{"line":218,"type":"binary-expr","locations":[{"start":{"line":218,"column":22},"end":{"line":218,"column":26}},{"start":{"line":218,"column":30},"end":{"line":218,"column":32}}]},"23":{"line":219,"type":"if","locations":[{"start":{"line":219,"column":4},"end":{"line":219,"column":4}},{"start":{"line":219,"column":4},"end":{"line":219,"column":4}}]},"24":{"line":220,"type":"if","locations":[{"start":{"line":220,"column":4},"end":{"line":220,"column":4}},{"start":{"line":220,"column":4},"end":{"line":220,"column":4}}]},"25":{"line":226,"type":"cond-expr","locations":[{"start":{"line":226,"column":46},"end":{"line":226,"column":55}},{"start":{"line":226,"column":58},"end":{"line":226,"column":60}}]},"26":{"line":228,"type":"cond-expr","locations":[{"start":{"line":228,"column":38},"end":{"line":228,"column":44}},{"start":{"line":228,"column":47},"end":{"line":228,"column":51}}]},"27":{"line":230,"type":"if","locations":[{"start":{"line":230,"column":4},"end":{"line":230,"column":4}},{"start":{"line":230,"column":4},"end":{"line":230,"column":4}}]},"28":{"line":232,"type":"if","locations":[{"start":{"line":232,"column":11},"end":{"line":232,"column":11}},{"start":{"line":232,"column":11},"end":{"line":232,"column":11}}]},"29":{"line":245,"type":"if","locations":[{"start":{"line":245,"column":6},"end":{"line":245,"column":6}},{"start":{"line":245,"column":6},"end":{"line":245,"column":6}}]},"30":{"line":245,"type":"binary-expr","locations":[{"start":{"line":245,"column":10},"end":{"line":245,"column":15}},{"start":{"line":245,"column":19},"end":{"line":245,"column":27}}]},"31":{"line":256,"type":"if","locations":[{"start":{"line":256,"column":2},"end":{"line":256,"column":2}},{"start":{"line":256,"column":2},"end":{"line":256,"column":2}}]},"32":{"line":268,"type":"binary-expr","locations":[{"start":{"line":268,"column":20},"end":{"line":268,"column":29}},{"start":{"line":268,"column":33},"end":{"line":268,"column":37}}]},"33":{"line":270,"type":"switch","locations":[{"start":{"line":271,"column":4},"end":{"line":273,"column":9}},{"start":{"line":274,"column":4},"end":{"line":276,"column":9}},{"start":{"line":277,"column":4},"end":{"line":279,"column":9}},{"start":{"line":280,"column":4},"end":{"line":282,"column":9}}]},"34":{"line":315,"type":"if","locations":[{"start":{"line":315,"column":2},"end":{"line":315,"column":2}},{"start":{"line":315,"column":2},"end":{"line":315,"column":2}}]},"35":{"line":319,"type":"if","locations":[{"start":{"line":319,"column":4},"end":{"line":319,"column":4}},{"start":{"line":319,"column":4},"end":{"line":319,"column":4}}]},"36":{"line":333,"type":"if","locations":[{"start":{"line":333,"column":8},"end":{"line":333,"column":8}},{"start":{"line":333,"column":8},"end":{"line":333,"column":8}}]},"37":{"line
[...]
opic","      device.state = JSON.stringify(device.status)","      for (var key in device) {","        if (['id', 'sceneid', 'state'].indexOf(key) < 0) delete device[key]","      }","      return request.post(HTTP_SCENES).send(device).promise()","    })","  }","","  // Create a Scene with the current sates of the devices","  self.createScene = function (devicesid) {","    return Promise.map(devicesid, function (id) {","      self.addDeviceScene(id)","    })","  }","","  //  Method that performs the delete request","  self.delete = function (args) {","    const queryString = queryCustom(normalizeArguments(args))","    return request.del(HTTP_API).query(queryString).promise()","  }","","  //  Method that performs the delete request for a specific device","  self.deleteById = function (id) {","    return request.del(HTTP_API).query({ id: id }).promise()","  }","","  //  Method that performs the delete request for a specific device","  self.deleteByAlias = function (alias) {","    return request.del(HTTP_API).query({ alias: alias }).promise()","  }","","  //  Delete a device from a Scene","  self.deleteDeviceScene = function (deviceid) {","    return request.del(HTTP_SCENES).query({sceneid: self.props.topic, id: deviceid}).promise()","  }","","  //  Delete a Scene","  self.deleteScene = function () {","    return request.del(HTTP_SCENES).query({sceneid: self.props.topic}).promise()","  }","","  //  Method that performs the get request","  self.get = function (args) {","    if (self.props.topic === undefined) return Promise.reject(new Error('Topic required'))","    return request.get(HTTP_API + '/topic/' + self.props.topic).query(self.props).promise()","  }","","  //  Obtain all the Scene´s name already declared","  self.getAllScenes = function () {","    return request.get(HTTP_SCENES).promise()","  }","","  //  Method that performs the get request for a specific device","  self.getById = function (id) {","    return request.get(HTTP_API + '/id/' + id).promise()","  }","","  //  Method that performs the get request for a specific device","  self.getByAlias = function (alias) {","    return request.get(HTTP_API + '/alias/' + alias).promise()","  }","","  //  Obtain all the details of a given Scene","  self.getScene = function () {","    return request.get(HTTP_SCENES).query(queryCustomScene()).promise()","  }","","  //  Specified if the resource belongs to a certain group","  self.groupBy = function (group) {","    self.props.group = group","    return self","  }","","  self.groupDevices = function (name, devices) {","    return Promise.map(devices, function (item) {","      request.patch(HTTP_API).query({id: item}).send({groupname: name}).promise()","    })","  }","","  self.publish = function (message) {","    var client = mqtt.connect('ws://' + process.env.NETBEAST)","","    client.on('connect', function () {","      client.publish('netbeast/' + self.props.topic, JSON.stringify({message}))","    })","  }","","  //  Method that performs the set request","  self.set = function (args) {","    return request.post(HTTP_API + '/topic/' + self.props.topic).query(queryCustom()).send(args).promise()","  }","","  //  Method that performs the set request  for a specific device","  self.setById = function (id, args) {","    return request.post(HTTP_API + '/id/' + id).send(args).promise()","  }","","  //  Method that performs the set request  for a specific device","  self.setByAlias = function (alias, args) {","    return request.post(HTTP_API + '/alias/' + alias).send(args).promise()","  }","","  //  Specified the location of the objects","  self.topic = function (topic) {","    self.props.topic = topic","    return self","  }","","  self.updateDB = function (args) {","    if (!self.props.topic && !args.topic) return Promise.reject(new Error('Topic required'))","    if (!args.hook) return Promise.reject(new Error('Hook required'))","    if (!args.app) return Promise.reject(new Error('App name required'))","","    console.log(HTTP_API + '/update')","    return request.post(HTTP_API + '/update').send(queryCustom(args)).promise()","  }","","  function queryCustom (args) {","    var queryString = args || {}","    if (self.props.topic) queryString.topic = self.props.topic","    if (self.props.alias) queryString.alias = self.props.alias","    if (self.props.location) queryString.location = self.props.location","    if (self.props.group) queryString.groupname = self.props.group","    return queryString","  }","","  function queryCustomScene (args) {","    var queryString = args || {}","    if (self.props.location) queryString.location = self.props.location","    if (self.props.topic) queryString.sceneid = self.props.topic","    return queryString","  }","","  function normalizeArguments (args) {","    //  Prepare query to be an object out of args unless it is undefined","    var query = typeof args === 'undefined' ? undefined : {}","    // if it is an string turn it into an array","    args = typeof args === 'string' ? [args] : args","    // and normalize it into an object again","    if (args instanceof Array) {","      args.forEach(function (param) { query[param] = '' })","    } else if (typeof args === 'object') {","      query = args","    }","","    return query","  }","","  return self","}","","netbeast.scan = function () {","  return new Promise(function (resolve, reject) {","    scan(function (beast) {","      if (beast && beast[0]) {","        netbeast.set(beast[0]) // set environment variable","        return resolve(beast)","      }","","      return reject(new Error('No netbeasts found in subnet'))","    })","  })","}","","netbeast.find = function () {","  if (process.env.NETBEAST) return Promise.resolve(process.env.NETBEAST)","  return netbeast.scan()","}","","netbeast.set = function (networkObject) {","  process.env.NETBEAST = networkObject.address + ':' + networkObject.port","  return netbeast","}","","netbeast.emit = function (msg) {","  // Log notification through console","  var str = chalk.bgCyan('ws') +","  chalk.bold.bgCyan(msg.title || '::')","","  switch (msg.emphasis) {","    case 'error':","    str = str + chalk.bgRed(msg.body)","    break","    case 'warning':","    str = str + chalk.bgYellow(msg.body)","    break","    case 'info':","    str = str + chalk.bgBlue(msg.body)","    break","    case 'success':","    str = str + chalk.bgGreen(msg.body)","    break","  }","","  var client = mqtt.connect('ws://' + process.env.NETBEAST)","  console.log(str)","  client.publish('netbeast/push', JSON.stringify(msg))","  client.end()","}","","netbeast.error = function (body, title) {","  netbeast.emit({ emphasis: 'error', body: body, title: title })","}","","netbeast.info = function (body, title) {","  netbeast.emit({ emphasis: 'info', body: body, title: title })","}","","netbeast.success = function (body, title) {","  netbeast.emit({ emphasis: 'success', body: body, title: title })","}","","netbeast.warning = function (body, title) {","  netbeast.emit({ emphasis: 'warning', body: body, title: title })","}","","netbeast.on = function (topic, callback) {","  var client = mqtt.connect('ws://' + process.env.NETBEAST)","","  client.on('connect', function () {","    console.log('connected')","    client.subscribe('netbeast/' + topic)","  })","","  if (!topic) return Promise.reject(new Error('Topic required'))","","  client.on('message', function (topic, message) {","    console.log(message)","    if (message) {","      message = JSON.parse(message.toString())","      callback(null, message)","    }","  })","}","","// Search for devices of a given brand (or all)","netbeast.discoverDevices = function (app) {","  var apps = []","  var promise = new Promise(function (resolve, reject) {","    request.get(process.env.NETBEAST + '/plugins')","    .then(function (res) {","      for (var aplication in res.body) {","        if (apps.indexOf(res.body[aplication].name) < 0) apps.push(res.body[aplication].name)","      }","","      if (!app || app === 'all') {","        return Promise.each(apps, function (item) {","          request.get(APP_PROXY + item + '/discover').promise()","        })","      } else if (apps.indexOf(app) >= 0) {","        return request.get(APP_PROXY + app + '/discover')","      } else {","        return reject(new Error('App not supported yet'))","      }","    })","  })","  return promise","}","","module.exports = netbeast",""],"l":{"1":1,"2":1,"3":1,"4":1,"6":1,"8":1,"9":1,"10":1,"11":1,"13":1,"14":0,"15":0,"16":0,"17":0,"18":0,"19":0,"23":0,"24":0,"26":0,"27":0,"30":0,"36":0,"42":0,"43":0,"44":0,"48":0,"49":0,"50":0,"52":0,"53":0,"59":0,"60":0,"61":0,"64":0,"65":0,"66":0,"68":0,"71":0,"72":0,"73":0,"75":0,"78":0,"79":0,"80":0,"81":0,"83":0,"87":0,"88":0,"90":0,"91":0,"92":0,"93":0,"95":0,"100":0,"101":0,"102":0,"107":0,"108":0,"109":0,"113":0,"114":0,"118":0,"119":0,"123":0,"124":0,"128":0,"129":0,"133":0,"134":0,"135":0,"139":0,"140":0,"144":0,"145":0,"149":0,"150":0,"154":0,"155":0,"159":0,"160":0,"161":0,"164":0,"165":0,"166":0,"170":0,"171":0,"173":0,"174":0,"179":0,"180":0,"184":0,"185":0,"189":0,"190":0,"194":0,"195":0,"196":0,"199":0,"200":0,"201":0,"202":0,"204":0,"205":0,"208":1,"209":0,"210":0,"211":0,"212":0,"213":0,"214":0,"217":1,"218":0,"219":0,"220":0,"221":0,"224":1,"226":0,"228":0,"230":0,"231":0,"232":0,"233":0,"236":0,"239":0,"242":1,"243":0,"244":0,"245":0,"246":0,"247":0,"250":0,"255":1,"256":0,"257":0,"260":1,"261":0,"262":0,"265":1,"267":0,"270":0,"272":0,"273":0,"275":0,"276":0,"278":0,"279":0,"281":0,"282":0,"285":0,"286":0,"287":0,"288":0,"291":1,"292":0,"295":1,"296":0,"299":1,"300":0,"303":1,"304":0,"307":1,"308":0,"310":0,"311":0,"312":0,"315":0,"317":0,"318":0,"319":0,"320":0,"321":0,"327":1,"328":0,"329":0,"330":0,"332":0,"333":0,"336":0,"337":0,"338":0,"340":0,"341":0,"343":0,"347":0,"350":1}},"/home/travis/build/npmtest/node-npmtest-netbeast/node_modules/netbeast/lib/scan.js":{"path":"/home/travis/build/npmtest/node-npmtest-netbeast/node_modules/netbeast/lib/scan.js","s":{"1":1,"2":1,"3":1,"4":1,"5":0,"6":0,"7":0,"8":0,"9":0,"10":0,"11":0,"12":0,"13":0,"14":0,"15":0,"16":0,"17":0,"18":0,"19":0,"20":0,"21":0,"22":0,"23":0,"24":0,"25":0,"26":0,"27":0,"28":0,"29":0,"30":0,"31":0,"32":0,"33":0,"34":0,"35":0,"36":0,"37":0,"38":0,"39":0,"40":0,"41":1,"42":0,"43":0,"44":0,"45":0,"46":0},"b":{"1":[0,0],"2":[0,0],"3":[0,0],"4":[0,0],"5":[0,0],"6":[0,0],"7":[0,0]},"f":{"1":0,"2":0,"3":0,"4":0,"5":0,"6":0,"7":0,"8":0,"9":0},"fnMap":{"1":{"name":"(anonymous_1)","line":6,"loc":{"start":{"line":6,"column":17},"end":{"line":6,"column":33}}},"2":{"name":"(anonymous_2)","line":11,"loc":{"start":{"line":11,"column":11},"end":{"line":11,"column":32}}},"3":{"name":"(anonymous_3)","line":15,"loc":{"start":{"line":15,"column":25},"end":{"line":15,"column":37}}},"4":{"name":"(anonymous_4)","line":24,"loc":{"start":{"line":24,"column":17},"end":{"line":24,"column":29}}},"5":{"name":"(anonymous_5)","line":25,"loc":{"start":{"line":25,"column":62},"end":{"line":25,"column":84}}},"6":{"name":"(anonymous_6)","line":31,"loc":{"start":{"line":31,"column":15},"end":{"line":31,"column":27}}},"7":{"name":"(anonymous_7)","line":41,"loc":{"start":{"line":41,"column":23},"end":{"line":41,"column":43}}},"8":{"name":"_notListed","line":54,"loc":{"start":{"line":54,"column":0},"end":{"line":54,"column":31}}},"9":{"name":"(anonymous_9)","line":56,"loc":{"start":{"line":56,"column":14},"end":{"line":56,"column":30}}}},"statementMap":{"1":{"start":{"line":1,"column":0},"end":{"line":1,"column":28}},"2":{"start":{"line":3,"column":0},"end":{"line":3,"column":34}},"3":{"start":{"line":4,"column":0},"end":{"line":4,"column":44}},"4":{"start":{"line":6,"column":0},"end":{"line":53,"column":1}},"5":{"start":{"line":7,"column":2},"end":{"line":7,"column":17}},"6":{"start":{"line":8,"column":2},"end":{"line":8,"column":41}},"7":{"start":{"line":9,"column":2},"end":{"line":9,"column":32}},"8":{"start":{"line":10,"column":2},"end":{"line":10,"column":26}},"9":{"start":{"line":11,"column":2},"end":{"line":14,"column":4}},"10":{"start":{"line":12,"column":4},"end":{"line":12,"column":22}},"11":{"start":{"line":12,"column":13},"end":{"line":12,"column":22}},"12":{"start":{"line":13,"column":4},"end":{"line":13,"column":32}},"13":{"start":{"line":15,"column":2},"end":{"line":40,"column":4}},"14":{"start":{"line":16,"column":4},"end":{"line":16,"column":30}},"15":{"start":{"line":17,"column":4},"end":{"line":17,"column":60}},"16":{"start":{"line":18,"column":4},"end":{"line":18,"column":37}},"17":{"start":{"line":19,"column":4},"end":{"line":19,"column":19}},"18":{"start":{"line":22,"column":4},"end":{"line":22,"column":15}},"19":{"start":{"line":23,"column":4},"end":{"line":29,"column":5}},"20":{"start":{"line":24,"column":6},"end":{"line":28,"column":18}},"21":{"start":{"line":25,"column":8},"end":{"line":27,"column":10}},"22":{"start":{"line":26,"column":10},"end":{"line":26,"column":28}},"23":{"start":{"line":26,"column":19},"end":{"line":26,"column":28}},"24":{"start":{"line":31,"column":4},"end":{"line":39,"column":16}},"25":{"start":{"line":32,"column":6},"end":{"line":32,"column":20}},"26":{"start":{"line":33,"column":6},"end":{"line":33,"column":20}},"27":{"start":{"line":34,"column":6},"end":{"line":36,"column":7}},"28":{"start":{"line":35,"column":8},"end":{"line":35,"column":59}},"29":{"start":{"line":37,"column":6},"end":{"line":37,"column":30}},"30":{"start":{"line":38,"column":6},"end":{"line":38,"column":57}},"31":{"start":{"line":38,"column":38},"end":{"line":38,"column":57}},"32":{"start":{"line":41,"column":2},"end":{"line":52,"column":4}},"33":{"start":{"line":42,"column":4},"end":{"line":42,"column":62}},"34":{"start":{"line":43,"column":4},"end":{"line":51,"column":5}},"35":{"start":{"line":44,"column":6},"end":{"line":47,"column":7}},"36":{"start":{"line":45,"column":8},"end":{"line":45,"column":44}},"37":{"start":{"line":46,"column":8},"end":{"line":46,"column":44}},"38":{"start":{"line":48,"column":6},"end":{"line":48,"column":41}},"39":{"start":{"line":49,"column":6},"end":{"line":49,"column":73}},"40":{"start":{"line":50,"column":6},"end":{"line":50,"column":24}},"41":{"start":{"line":54,"column":0},"end":{"line":62,"column":1}},"42":{"start":{"line":55,"column":2},"end":{"line":55,"column":22}},"43":{"start":{"line":56,"column":2},"end":{"line":60,"column":4}},"44":{"start":{"line":57,"column":4},"end":{"line":59,"column":5}},"45":{"start":{"line":58,"column":6},"end":{"line":58,"column":23}},"46":{"start":{"line":61,"column":2},"end":{"line":61,"column":18}}},"branchMap":{"1":{"line":12,"type":"if","locations":[{"start":{"line":12,"column":4},"end":{"line":12,"column":4}},{"start":{"line":12,"column":4},"end":{"line":12,"column":4}}]},"2":{"line":26,"type":"if","locations":[{"start":{"line":26,"column":10},"end":{"line":26,"column":10}},{"start":{"line":26,"column":10},"end":{"line":26,"column":10}}]},"3":{"line":34,"type":"if","locations":[{"start":{"line":34,"column":6},"end":{"line":34,"column":6}},{"start":{"line":34,"column":6},"end":{"line":34,"column":6}}]},"4":{"line":38,"type":"if","locations":[{"start":{"line":38,"column":6},"end":{"line":38,"column":6}},{"start":{"line":38,"column":6},"end":{"line":38,"column":6}}]},"5":{"line":43,"type":"if","locations":[{"start":{"line":43,"column":4},"end":{"line":43,"column":4}},{"start":{"line":43,"column":4},"end":{"line":43,"column":4}}]},"6":{"line":44,"type":"if","locations":[{"start":{"line":44,"column":6},"end":{"line":44,"column":6}},{"start":{"line":44,"column":6},"end":{"line":44,"column":6}}]},"7":{"line":57,"type":"if","locations":[{"start":{"line":57,"column":4},"end":{"line":57,"column":4}},{"start":{"line":57,"column":4},"end":{"line":57,"column":4}}]}},"code":["var dgram = require('dgram')","","var freeport = require('freeport')","var Spinner = require('cli-spinner').Spinner","","module.exports = function (done) {","  var result = []","  var client = dgram.createSocket('udp4')","  const MCAST_IP = '239.0.16.18'","  const MCAST_PORT = 16180","  freeport(function (err, port) {","    if (err) throw err","    client.bind(port, '0.0.0.0')","  })","  client.on('listening', function () {","    var msg = new Buffer('hi')","    var spinner = new Spinner('Looking for netbeasts... %s')","    spinner.setSpinnerString('|/-\\\\')","    spinner.start()","    // Poll N times for Netbeast router's in subnet","    // =====================================","    const N = 3","    for (var i = 0; i < N; i++) {","      setTimeout(function () {","        client.send(msg, 0, msg.length, MCAST_PORT, MCAST_IP, function (err, bytes) {","          if (err) throw err","        })","      }, i * 1000)","    }","    // Close client after N attempts","    setTimeout(function () {","      client.close()","      spinner.stop()","      if (result.length === 0) {","        console.log('No Netbeast routers found in subnet.')","      }","      console.log('\\nDone.\\n')","      if (typeof done === 'function') return done(result)","    }, N * 1000)","  })","  client.on('message', function (msg, req) {","    var beast = { address: req.address, port: msg.toString() }","    if (_notListed(result, beast)) {","      if (result.length === 0) {","        console.log('\\n# Netbeast at reach')","        console.log('=====================')","      }","      beast.port = JSON.parse(beast.port)","      console.log('* Netbeast alive at %s:%s', beast.address, beast.port)","      result.push(beast)","    }","  })","}","function _notListed (arr, obj) {","  var notListed = true","  arr.forEach(function (item) {","    if (item.address === obj.address) {","      notListed = false","    }","  })","  return notListed","}",""],"l":{"1":1,"3":1,"4":1,"6":1,"7":0,"8":0,"9":0,"10":0,"11":0,"12":0,"13":0,"15":0,"16":0,"17":0,"18":0,"19":0,"22":0,"23":0,"24":0,"25":0,"26":0,"31":0,"32":0,"33":0,"34":0,"35":0,"37":0,"38":0,"41":0,"42":0,"43":0,"44":0,"45":0,"46":0,"48":0,"49":0,"50":0,"54":1,"55":0,"56":0,"57":0,"58":0,"61":0}},"/home/travis/build/npmtest/node-npmtest-netbeast/node_modules/netbeast/lib/init.js":{"path":"/home/travis/build/npmtest/node-npmtest-netbeast/node_modules/netbeast/lib/init.js","s":{"1":1,"2":1,"3":0,"4":0,"5":1,"6":0,"7":1,"8":1},"b":{"1":[0,1],"2":[1,0],"3":[0,1]},"f":{"1":1},"fnMap":{"1":{"name":"(anonymous_1)","line":4,"loc":{"start":{"line":4,"column":17},"end":{"line":4,"column":29}}}},"statementMap":{"1":{"start":{"line":4,"column":0},"end":{"line":17,"column":1}},"2":{"start":{"line":5,"column":2},"end":{"line":16,"column":3}},"3":{"start":{"line":7,"column":4},"end":{"line":7,"column":45}},"4":{"start":{"line":8,"column":4},"end":{"line":8,"column":17}},"5":{"start":{"line":10,"column":9},"end":{"line":16,"column":3}},"6":{"start":{"line":11,"column":4},"end":{"line":11,"column":31}},"7":{"start":{"line":14,"column":4},"end":{"line":14,"column":77}},"8":{"start":{"line":15,"column":4},"end":{"line":15,"column":20}}},"branchMap":{"1":{"line":5,"type":"if","locations":[{"start":{"line":5,"column":2},"end":{"line":5,"column":2}},{"start":{"line":5,"column":2},"end":{"line":5,"column":2}}]},"2":{"line":5,"type":"binary-expr","locations":[{"start":{"line":5,"column":6},"end":{"line":5,"column":35}},{"start":{"line":5,"column":39},"end":{"line":5,"column":54}}]},"3":{"line":10,"type":"if","locations":[{"start":{"line":10,"column":9},"end":{"line":10,"column":9}},{"start":{"line":10,"column":9},"end":{"line":10,"column":9}}]}},"code":["// Similar to url helper","// this is a hack around, let's see if it works better:","","module.exports = function () {","  if (typeof window !== 'undefined' && window.document) {","    // this code runs in a browser:","    var arr = window.location.href.split('/')","    return arr[2]","","  } else if (process.env.NETBEAST) {","    return process.env.NETBEAST","","  } else {","    console.error('Netbeast router URL is missing or device cannot be found')","    process.exit(-1)","  }","}",""],"l":{"4":1,"5":1,"7":0,"8":0,"10":1,"11":0,"14":1,"15":1}}}